<?xml version="1.0" encoding="UTF-8"?>
<!-- Generated by org.testng.reporters.JUnitXMLReporter -->
<testsuite ignored="0" hostname="RraghavVohra09" failures="1" tests="3" name="SalesPanda Feature Tests" time="339.346" errors="0" timestamp="2026-04-26T21:07:10 IST">
  <testcase classname="tests.ImageCreationPlaywrightTest" name="TC_IC_01_imageCreationThroughAssetLibrary" time="86.069">
    <skipped/>
  </testcase> <!-- TC_IC_01_imageCreationThroughAssetLibrary -->
  <testcase classname="tests.ImageCreationPlaywrightTest" name="TC_IC_01_imageCreationThroughAssetLibrary" time="88.113">
    <skipped/>
  </testcase> <!-- TC_IC_01_imageCreationThroughAssetLibrary -->
  <testcase classname="tests.ImageCreationPlaywrightTest" name="TC_IC_01_imageCreationThroughAssetLibrary" time="87.057">
    <failure type="com.microsoft.playwright.TimeoutError" message="Error {
  message=&amp;apos;Timeout 60000ms exceeded.
  name=&amp;apos;TimeoutError
  stack=&amp;apos;TimeoutError: Timeout 60000ms exceeded.
    at ProgressController.run (C:\Users\admin\AppData\Local\Temp\playwright-java-4013487674022283618\package\lib\server\progress.js:78:26)
    at Frame._callOnElementOnceMatches (C:\Users\admin\AppData\Local\Temp\playwright-java-4013487674022283618\package\lib\server\frames.js:1429:23)
    at Frame.dispatchEvent (C:\Users\admin\AppData\Local\Temp\playwright-java-4013487674022283618\package\lib\server\frames.js:696:16)
    at FrameDispatcher.dispatchEvent (C:\Users\admin\AppData\Local\Temp\playwright-java-4013487674022283618\package\lib\server\dispatchers\frameDispatcher.js:110:24)
    at FrameDispatcher._handleCommand (C:\Users\admin\AppData\Local\Temp\playwright-java-4013487674022283618\package\lib\server\dispatchers\dispatcher.js:94:40)
    at DispatcherConnection.dispatch (C:\Users\admin\AppData\Local\Temp\playwright-java-4013487674022283618\package\lib\server\dispatchers\dispatcher.js:361:39)
}
Call log:
- waiting for locator(&amp;quot;//input[@type=&amp;apos;file&amp;apos; and @accept=&amp;apos;image/*&amp;apos;]&amp;quot;)
">
      <![CDATA[com.microsoft.playwright.TimeoutError: Error {
  message='Timeout 60000ms exceeded.
  name='TimeoutError
  stack='TimeoutError: Timeout 60000ms exceeded.
    at ProgressController.run (C:\Users\admin\AppData\Local\Temp\playwright-java-4013487674022283618\package\lib\server\progress.js:78:26)
    at Frame._callOnElementOnceMatches (C:\Users\admin\AppData\Local\Temp\playwright-java-4013487674022283618\package\lib\server\frames.js:1429:23)
    at Frame.dispatchEvent (C:\Users\admin\AppData\Local\Temp\playwright-java-4013487674022283618\package\lib\server\frames.js:696:16)
    at FrameDispatcher.dispatchEvent (C:\Users\admin\AppData\Local\Temp\playwright-java-4013487674022283618\package\lib\server\dispatchers\frameDispatcher.js:110:24)
    at FrameDispatcher._handleCommand (C:\Users\admin\AppData\Local\Temp\playwright-java-4013487674022283618\package\lib\server\dispatchers\dispatcher.js:94:40)
    at DispatcherConnection.dispatch (C:\Users\admin\AppData\Local\Temp\playwright-java-4013487674022283618\package\lib\server\dispatchers\dispatcher.js:361:39)
}
Call log:
- waiting for locator("//input[@type='file' and @accept='image/*']")

at com.microsoft.playwright.impl.WaitableResult.get(WaitableResult.java:52)
at com.microsoft.playwright.impl.ChannelOwner.runUntil(ChannelOwner.java:120)
at com.microsoft.playwright.impl.Connection.sendMessage(Connection.java:130)
at com.microsoft.playwright.impl.ChannelOwner.sendMessage(ChannelOwner.java:106)
at com.microsoft.playwright.impl.FrameImpl.dispatchEventImpl(FrameImpl.java:291)
at com.microsoft.playwright.impl.FrameImpl.lambda$dispatchEvent$11(FrameImpl.java:280)
at com.microsoft.playwright.impl.LoggingSupport.lambda$withLogging$0(LoggingSupport.java:36)
at com.microsoft.playwright.impl.LoggingSupport.withLogging(LoggingSupport.java:47)
at com.microsoft.playwright.impl.ChannelOwner.withLogging(ChannelOwner.java:89)
at com.microsoft.playwright.impl.LoggingSupport.withLogging(LoggingSupport.java:35)
at com.microsoft.playwright.impl.FrameImpl.dispatchEvent(FrameImpl.java:280)
at com.microsoft.playwright.impl.LocatorImpl.dispatchEvent(LocatorImpl.java:181)
at com.microsoft.playwright.Locator.dispatchEvent(Locator.java:2624)
at com.microsoft.playwright.Locator.dispatchEvent(Locator.java:2672)
at pageObjects.ImageCreationPagePW.uploadImage(ImageCreationPagePW.java:339)
at tests.ImageCreationPlaywrightTest.TC_IC_01_imageCreationThroughAssetLibrary(ImageCreationPlaywrightTest.java:97)
at java.base/java.util.concurrent.Executors$RunnableAdapter.call(Executors.java:572)
at java.base/java.util.concurrent.FutureTask.run(FutureTask.java:317)
at java.base/java.util.concurrent.ThreadPoolExecutor.runWorker(ThreadPoolExecutor.java:1144)
at java.base/java.util.concurrent.ThreadPoolExecutor$Worker.run(ThreadPoolExecutor.java:642)
at java.base/java.lang.Thread.run(Thread.java:1575)
Caused by: com.microsoft.playwright.TimeoutError: Error {
  message='Timeout 60000ms exceeded.
  name='TimeoutError
  stack='TimeoutError: Timeout 60000ms exceeded.
    at ProgressController.run (C:\Users\admin\AppData\Local\Temp\playwright-java-4013487674022283618\package\lib\server\progress.js:78:26)
    at Frame._callOnElementOnceMatches (C:\Users\admin\AppData\Local\Temp\playwright-java-4013487674022283618\package\lib\server\frames.js:1429:23)
    at Frame.dispatchEvent (C:\Users\admin\AppData\Local\Temp\playwright-java-4013487674022283618\package\lib\server\frames.js:696:16)
    at FrameDispatcher.dispatchEvent (C:\Users\admin\AppData\Local\Temp\playwright-java-4013487674022283618\package\lib\server\dispatchers\frameDispatcher.js:110:24)
    at FrameDispatcher._handleCommand (C:\Users\admin\AppData\Local\Temp\playwright-java-4013487674022283618\package\lib\server\dispatchers\dispatcher.js:94:40)
    at DispatcherConnection.dispatch (C:\Users\admin\AppData\Local\Temp\playwright-java-4013487674022283618\package\lib\server\dispatchers\dispatcher.js:361:39)
}
Call log:
- waiting for locator("//input[@type='file' and @accept='image/*']")

at com.microsoft.playwright.impl.Connection.dispatch(Connection.java:254)
at com.microsoft.playwright.impl.Connection.processOneMessage(Connection.java:211)
at com.microsoft.playwright.impl.ChannelOwner.runUntil(ChannelOwner.java:118)
... 30 more
... Removed 11 stack frames]]>
    </failure>
  </testcase> <!-- TC_IC_01_imageCreationThroughAssetLibrary -->
</testsuite> <!-- SalesPanda Feature Tests -->
