<?xml version="1.0" encoding="UTF-8"?>
<!-- Generated by org.testng.reporters.JUnitXMLReporter -->
<testsuite ignored="0" hostname="RraghavVohra09" failures="3" tests="18" name="Default test" time="416.325" errors="0" timestamp="2026-04-12T14:12:01 IST">
  <testcase classname="tests.PushNotificationTestImproved" name="test_TC_PN_01_takenToPushNotificationsScreen" time="6.966"/>
  <testcase classname="tests.PushNotificationTestImproved" name="test_TC_PN_04_takentoCreateAppNotificationScreen" time="18.417"/>
  <testcase classname="tests.PushNotificationTestImproved" name="test_TC_PN_07_fillsAllFieldsExceptNotificationName" time="10.784"/>
  <testcase classname="tests.PushNotificationTestImproved" name="test_TC_PN_08_fillsAllFieldsExceptNotificationMessage" time="15.963"/>
  <testcase classname="tests.PushNotificationTestImproved" name="test_TC_PN_017_missingCategoryField" time="11.267"/>
  <testcase classname="tests.PushNotificationTestImproved" name="test_TC_PN_019_missingCustomLinkField" time="12.755"/>
  <testcase classname="tests.PushNotificationTestImproved" name="test_TC_PN_03_clickActionMenuButton" time="18.999">
    <failure type="java.lang.AssertionError" message="lists don&amp;apos;t have the same size expected [3] but found [0]">
      <![CDATA[java.lang.AssertionError: lists don't have the same size expected [3] but found [0]
at org.testng.Assert.fail(Assert.java:111)
at org.testng.Assert.failNotEquals(Assert.java:1578)
at org.testng.Assert.assertEqualsImpl(Assert.java:150)
at org.testng.Assert.assertEquals(Assert.java:132)
at org.testng.Assert.assertEquals(Assert.java:1419)
at org.testng.Assert.assertEquals(Assert.java:1383)
at org.testng.Assert.assertEquals(Assert.java:1630)
at org.testng.Assert.assertEquals(Assert.java:1606)
at tests.PushNotificationTestImproved.test_TC_PN_03_clickActionMenuButton(PushNotificationTestImproved.java:216)
at java.base/jdk.internal.reflect.DirectMethodHandleAccessor.invoke(DirectMethodHandleAccessor.java:103)
at java.base/java.lang.reflect.Method.invoke(Method.java:580)
at org.testng.internal.invokers.MethodInvocationHelper.invokeMethod(MethodInvocationHelper.java:139)
at org.testng.internal.invokers.TestInvoker.invokeMethod(TestInvoker.java:664)
at org.testng.internal.invokers.TestInvoker.invokeTestMethod(TestInvoker.java:228)
at org.testng.internal.invokers.MethodRunner.runInSequence(MethodRunner.java:63)
at org.testng.internal.invokers.TestInvoker$MethodInvocationAgent.invoke(TestInvoker.java:961)
at org.testng.internal.invokers.TestInvoker.invokeTestMethods(TestInvoker.java:201)
at org.testng.internal.invokers.TestMethodWorker.invokeTestMethods(TestMethodWorker.java:148)
at org.testng.internal.invokers.TestMethodWorker.run(TestMethodWorker.java:128)
at java.base/java.util.ArrayList.forEach(ArrayList.java:1597)
at org.testng.TestRunner.privateRun(TestRunner.java:819)
at org.testng.TestRunner.run(TestRunner.java:619)
at org.testng.SuiteRunner.runTest(SuiteRunner.java:443)
at org.testng.SuiteRunner.runSequentially(SuiteRunner.java:437)
at org.testng.SuiteRunner.privateRun(SuiteRunner.java:397)
at org.testng.SuiteRunner.run(SuiteRunner.java:336)
at org.testng.SuiteRunnerWorker.runSuite(SuiteRunnerWorker.java:52)
at org.testng.SuiteRunnerWorker.run(SuiteRunnerWorker.java:95)
at org.testng.TestNG.runSuitesSequentially(TestNG.java:1301)
at org.testng.TestNG.runSuitesLocally(TestNG.java:1228)
at org.testng.TestNG.runSuites(TestNG.java:1134)
at org.testng.TestNG.run(TestNG.java:1101)
at org.testng.remote.AbstractRemoteTestNG.run(AbstractRemoteTestNG.java:115)
at org.testng.remote.RemoteTestNG.initAndRun(RemoteTestNG.java:293)
at org.testng.remote.RemoteTestNG.main(RemoteTestNG.java:91)
]]>
    </failure>
  </testcase> <!-- test_TC_PN_03_clickActionMenuButton -->
  <testcase classname="tests.PushNotificationTestImproved" name="test_TC_PN_06_notificationChannelSelection" time="12.867"/>
  <testcase classname="tests.PushNotificationTestImproved" name="test_TC_PN_013_sendToOptionsSelection" time="12.066"/>
  <testcase classname="tests.PushNotificationTestImproved" name="test_TC_PN_015_selectAllCategories" time="15.033"/>
  <testcase classname="tests.PushNotificationTestImproved" name="test_TC_PN_016_verifySearchTextField" time="9.226"/>
  <testcase classname="tests.PushNotificationTestImproved" name="test_TC_PN_09_verifyImageUpload" time="12.481"/>
  <testcase classname="tests.PushNotificationTestImproved" name="test_TC_PN_023_verifyNotificationStatus" time="20.567"/>
  <testcase classname="tests.PushNotificationTestImproved" name="test_TC_PN_020_verifyContentLink" time="72.984">
    <failure type="com.microsoft.playwright.TimeoutError" message="Error {
  message=&amp;apos;Timeout 60000ms exceeded.
  name=&amp;apos;TimeoutError
  stack=&amp;apos;TimeoutError: Timeout 60000ms exceeded.
    at ProgressController.run (C:\Users\admin\AppData\Local\Temp\playwright-java-15469293699948459611\package\lib\server\progress.js:78:26)
    at Frame.click (C:\Users\admin\AppData\Local\Temp\playwright-java-15469293699948459611\package\lib\server\frames.js:1007:23)
    at FrameDispatcher.click (C:\Users\admin\AppData\Local\Temp\playwright-java-15469293699948459611\package\lib\server\dispatchers\frameDispatcher.js:158:30)
    at FrameDispatcher._handleCommand (C:\Users\admin\AppData\Local\Temp\playwright-java-15469293699948459611\package\lib\server\dispatchers\dispatcher.js:94:40)
    at DispatcherConnection.dispatch (C:\Users\admin\AppData\Local\Temp\playwright-java-15469293699948459611\package\lib\server\dispatchers\dispatcher.js:361:39)
}
Call log:
- waiting for locator(&amp;quot;xpath=(//li[contains(@class,&amp;apos;select2-results__option&amp;apos;)])[1]&amp;quot;)
-   locator resolved to &amp;lt;li role=&amp;quot;option&amp;quot; aria-disabled=&amp;quot;true&amp;quot; id=&amp;quot;select2-c…&amp;gt;-Select Content-&amp;lt;/li&amp;gt;
- attempting click action
-   waiting for element to be visible, enabled and stable
-   element is not enabled
- retrying click action, attempt #1
-   waiting for element to be visible, enabled and stable
-   element is not enabled
- retrying click action, attempt #2
-   waiting 20ms
-   waiting for element to be visible, enabled and stable
-   element is not enabled
- retrying click action, attempt #3
-   waiting 100ms
-   waiting for element to be visible, enabled and stable
-   element is not enabled
- retrying click action, attempt #4
-   waiting 100ms
-   waiting for element to be visible, enabled and stable
-   element is not enabled
- retrying click action, attempt #5
-   waiting 500ms
-   waiting for element to be visible, enabled and stable
-   element is not enabled
- retrying click action, attempt #6
-   waiting 500ms
-   waiting for element to be visible, enabled and stable
-   element is not enabled
- retrying click action, attempt #7
-   waiting 500ms
-   waiting for element to be visible, enabled and stable
-   element is not enabled
- retrying click action, attempt #8
-   waiting 500ms
-   waiting for element to be visible, enabled and stable
-   element is not enabled
- retrying click action, attempt #9
-   waiting 500ms
-   waiting for element to be visible, enabled and stable
-   element is not enabled
- retrying click action, attempt #10
-   waiting 500ms
-   waiting for element to be visible, enabled and stable
-   element is not enabled
- retrying click action, attempt #11
-   waiting 500ms
-   waiting for element to be visible, enabled and stable
-   element is not enabled
- retrying click action, attempt #12
-   waiting 500ms
-   waiting for element to be visible, enabled and stable
-   element is not enabled
- retrying click action, attempt #13
-   waiting 500ms
-   waiting for element to be visible, enabled and stable
-   element is not enabled
- retrying click action, attempt #14
-   waiting 500ms
-   waiting for element to be visible, enabled and stable
-   element is not enabled
- retrying click action, attempt #15
-   waiting 500ms
-   waiting for element to be visible, enabled and stable
-   element is not enabled
- retrying click action, attempt #16
-   waiting 500ms
-   waiting for element to be visible, enabled and stable
-   element is not enabled
- retrying click action, attempt #17
-   waiting 500ms
-   waiting for element to be visible, enabled and stable
-   element is not enabled
- retrying click action, attempt #18
-   waiting 500ms
-   waiting for element to be visible, enabled and stable
-   element is not enabled
- retrying click action, attempt #19
-   waiting 500ms
-   waiting for element to be visible, enabled and stable
-   element is not enabled
- retrying click action, attempt #20
-   waiting 500ms
-   waiting for element to be visible, enabled and stable
-   element is not enabled
- retrying click action, attempt #21
-   waiting 500ms
-   waiting for element to be visible, enabled and stable
-   element is not enabled
- retrying click action, attempt #22
-   waiting 500ms
-   waiting for element to be visible, enabled and stable
-   element is not enabled
- retrying click action, attempt #23
-   waiting 500ms
-   waiting for element to be visible, enabled and stable
-   element is not enabled
- retrying click action, attempt #24
-   waiting 500ms
-   waiting for element to be visible, enabled and stable
-   element is not enabled
- retrying click action, attempt #25
-   waiting 500ms
-   waiting for element to be visible, enabled and stable
-   element is not enabled
- retrying click action, attempt #26
-   waiting 500ms
-   waiting for element to be visible, enabled and stable
-   element is not enabled
- retrying click action, attempt #27
-   waiting 500ms
-   waiting for element to be visible, enabled and stable
-   element is not enabled
- retrying click action, attempt #28
-   waiting 500ms
-   waiting for element to be visible, enabled and stable
-   element is not enabled
- retrying click action, attempt #29
-   waiting 500ms
-   waiting for element to be visible, enabled and stable
-   element is not enabled
- retrying click action, attempt #30
-   waiting 500ms
-   waiting for element to be visible, enabled and stable
-   element is not enabled
- retrying click action, attempt #31
-   waiting 500ms
-   waiting for element to be visible, enabled and stable
-   element is not enabled
- retrying click action, attempt #32
-   waiting 500ms
-   waiting for element to be visible, enabled and stable
-   element is not enabled
- retrying click action, attempt #33
-   waiting 500ms
-   waiting for element to be visible, enabled and stable
-   element is not enabled
- retrying click action, attempt #34
-   waiting 500ms
-   waiting for element to be visible, enabled and stable
-   element is not enabled
- retrying click action, attempt #35
-   waiting 500ms
-   waiting for element to be visible, enabled and stable
-   element is not enabled
- retrying click action, attempt #36
-   waiting 500ms
-   waiting for element to be visible, enabled and stable
-   element is not enabled
- retrying click action, attempt #37
-   waiting 500ms
-   waiting for element to be visible, enabled and stable
-   element is not enabled
- retrying click action, attempt #38
-   waiting 500ms
-   waiting for element to be visible, enabled and stable
-   element is not enabled
- retrying click action, attempt #39
-   waiting 500ms
-   waiting for element to be visible, enabled and stable
-   element is not enabled
- retrying click action, attempt #40
-   waiting 500ms
-   waiting for element to be visible, enabled and stable
-   element is not enabled
- retrying click action, attempt #41
-   waiting 500ms
-   waiting for element to be visible, enabled and stable
-   element is not enabled
- retrying click action, attempt #42
-   waiting 500ms
-   waiting for element to be visible, enabled and stable
-   element is not enabled
- retrying click action, attempt #43
-   waiting 500ms
-   waiting for element to be visible, enabled and stable
-   element is not enabled
- retrying click action, attempt #44
-   waiting 500ms
-   waiting for element to be visible, enabled and stable
-   element is not enabled
- retrying click action, attempt #45
-   waiting 500ms
-   waiting for element to be visible, enabled and stable
-   element is not enabled
- retrying click action, attempt #46
-   waiting 500ms
-   waiting for element to be visible, enabled and stable
-   element is not enabled
- retrying click action, attempt #47
-   waiting 500ms
-   waiting for element to be visible, enabled and stable
-   element is not enabled
- retrying click action, attempt #48
-   waiting 500ms
-   waiting for element to be visible, enabled and stable
-   element is not enabled
- retrying click action, attempt #49
-   waiting 500ms
-   waiting for element to be visible, enabled and stable
-   element is not enabled
- retrying click action, attempt #50
-   waiting 500ms
-   waiting for element to be visible, enabled and stable
-   element is not enabled
- retrying click action, attempt #51
-   waiting 500ms
-   waiting for element to be visible, enabled and stable
-   element is not enabled
- retrying click action, attempt #52
-   waiting 500ms
-   waiting for element to be visible, enabled and stable
-   element is not enabled
- retrying click action, attempt #53
-   waiting 500ms
-   waiting for element to be visible, enabled and stable
-   element is not enabled
- retrying click action, attempt #54
-   waiting 500ms
-   waiting for element to be visible, enabled and stable
-   element is not enabled
- retrying click action, attempt #55
-   waiting 500ms
-   waiting for element to be visible, enabled and stable
-   element is not enabled
- retrying click action, attempt #56
-   waiting 500ms
-   waiting for element to be visible, enabled and stable
-   element is not enabled
- retrying click action, attempt #57
-   waiting 500ms
-   waiting for element to be visible, enabled and stable
-   element is not enabled
- retrying click action, attempt #58
-   waiting 500ms
-   waiting for element to be visible, enabled and stable
-   element is not enabled
- retrying click action, attempt #59
-   waiting 500ms
-   waiting for element to be visible, enabled and stable
-   element is not enabled
- retrying click action, attempt #60
-   waiting 500ms
-   waiting for element to be visible, enabled and stable
-   element is not enabled
- retrying click action, attempt #61
-   waiting 500ms
-   waiting for element to be visible, enabled and stable
-   element is not enabled
- retrying click action, attempt #62
-   waiting 500ms
-   waiting for element to be visible, enabled and stable
-   element is not enabled
- retrying click action, attempt #63
-   waiting 500ms
-   waiting for element to be visible, enabled and stable
-   element is not enabled
- retrying click action, attempt #64
-   waiting 500ms
-   waiting for element to be visible, enabled and stable
-   element is not enabled
- retrying click action, attempt #65
-   waiting 500ms
-   waiting for element to be visible, enabled and stable
-   element is not enabled
- retrying click action, attempt #66
-   waiting 500ms
-   waiting for element to be visible, enabled and stable
-   element is not enabled
- retrying click action, attempt #67
-   waiting 500ms
-   waiting for element to be visible, enabled and stable
-   element is not enabled
- retrying click action, attempt #68
-   waiting 500ms
-   waiting for element to be visible, enabled and stable
-   element is not enabled
- retrying click action, attempt #69
-   waiting 500ms
-   waiting for element to be visible, enabled and stable
-   element is not enabled
- retrying click action, attempt #70
-   waiting 500ms
-   waiting for element to be visible, enabled and stable
-   element is not enabled
- retrying click action, attempt #71
-   waiting 500ms
-   waiting for element to be visible, enabled and stable
-   element is not enabled
- retrying click action, attempt #72
-   waiting 500ms
-   waiting for element to be visible, enabled and stable
-   element is not enabled
- retrying click action, attempt #73
-   waiting 500ms
-   waiting for element to be visible, enabled and stable
-   element is not enabled
- retrying click action, attempt #74
-   waiting 500ms
-   waiting for element to be visible, enabled and stable
-   element is not enabled
- retrying click action, attempt #75
-   waiting 500ms
-   waiting for element to be visible, enabled and stable
-   element is not enabled
- retrying click action, attempt #76
-   waiting 500ms
-   waiting for element to be visible, enabled and stable
-   element is not enabled
- retrying click action, attempt #77
-   waiting 500ms
-   waiting for element to be visible, enabled and stable
-   element is not enabled
- retrying click action, attempt #78
-   waiting 500ms
-   waiting for element to be visible, enabled and stable
-   element is not enabled
- retrying click action, attempt #79
-   waiting 500ms
-   waiting for element to be visible, enabled and stable
-   element is not enabled
- retrying click action, attempt #80
-   waiting 500ms
-   waiting for element to be visible, enabled and stable
-   element is not enabled
- retrying click action, attempt #81
-   waiting 500ms
-   waiting for element to be visible, enabled and stable
-   element is not enabled
- retrying click action, attempt #82
-   waiting 500ms
-   waiting for element to be visible, enabled and stable
-   element is not enabled
- retrying click action, attempt #83
-   waiting 500ms
-   waiting for element to be visible, enabled and stable
-   element is not enabled
- retrying click action, attempt #84
-   waiting 500ms
-   waiting for element to be visible, enabled and stable
-   element is not enabled
- retrying click action, attempt #85
-   waiting 500ms
-   waiting for element to be visible, enabled and stable
-   element is not enabled
- retrying click action, attempt #86
-   waiting 500ms
-   waiting for element to be visible, enabled and stable
-   element is not enabled
- retrying click action, attempt #87
-   waiting 500ms
-   waiting for element to be visible, enabled and stable
-   element is not enabled
- retrying click action, attempt #88
-   waiting 500ms
-   waiting for element to be visible, enabled and stable
-   element is not enabled
- retrying click action, attempt #89
-   waiting 500ms
-   waiting for element to be visible, enabled and stable
-   element is not enabled
- retrying click action, attempt #90
-   waiting 500ms
-   waiting for element to be visible, enabled and stable
-   element is not enabled
- retrying click action, attempt #91
-   waiting 500ms
-   waiting for element to be visible, enabled and stable
-   element is not enabled
- retrying click action, attempt #92
-   waiting 500ms
-   waiting for element to be visible, enabled and stable
-   element is not enabled
- retrying click action, attempt #93
-   waiting 500ms
-   waiting for element to be visible, enabled and stable
-   element is not enabled
- retrying click action, attempt #94
-   waiting 500ms
-   waiting for element to be visible, enabled and stable
-   element is not enabled
- retrying click action, attempt #95
-   waiting 500ms
-   waiting for element to be visible, enabled and stable
-   element is not enabled
- retrying click action, attempt #96
-   waiting 500ms
-   waiting for element to be visible, enabled and stable
-   element is not enabled
- retrying click action, attempt #97
-   waiting 500ms
-   waiting for element to be visible, enabled and stable
-   element is not enabled
- retrying click action, attempt #98
-   waiting 500ms
-   waiting for element to be visible, enabled and stable
-   element is not enabled
- retrying click action, attempt #99
-   waiting 500ms
-   waiting for element to be visible, enabled and stable
-   element is not enabled
- retrying click action, attempt #100
-   waiting 500ms
-   waiting for element to be visible, enabled and stable
-   element is not enabled
- retrying click action, attempt #101
-   waiting 500ms
-   waiting for element to be visible, enabled and stable
-   element is not enabled
- retrying click action, attempt #102
-   waiting 500ms
-   waiting for element to be visible, enabled and stable
-   element is not enabled
- retrying click action, attempt #103
-   waiting 500ms
-   waiting for element to be visible, enabled and stable
-   element is not enabled
- retrying click action, attempt #104
-   waiting 500ms
-   waiting for element to be visible, enabled and stable
-   element is not enabled
- retrying click action, attempt #105
-   waiting 500ms
-   waiting for element to be visible, enabled and stable
-   element is not enabled
- retrying click action, attempt #106
-   waiting 500ms
-   waiting for element to be visible, enabled and stable
-   element is not enabled
- retrying click action, attempt #107
-   waiting 500ms
-   waiting for element to be visible, enabled and stable
-   element is not enabled
- retrying click action, attempt #108
-   waiting 500ms
-   waiting for element to be visible, enabled and stable
-   element is not enabled
- retrying click action, attempt #109
-   waiting 500ms
-   waiting for element to be visible, enabled and stable
-   element is not enabled
- retrying click action, attempt #110
-   waiting 500ms
-   waiting for element to be visible, enabled and stable
-   element is not enabled
- retrying click action, attempt #111
-   waiting 500ms
-   waiting for element to be visible, enabled and stable
-   element is not enabled
- retrying click action, attempt #112
-   waiting 500ms
-   waiting for element to be visible, enabled and stable
-   element is not enabled
- retrying click action, attempt #113
-   waiting 500ms
-   waiting for element to be visible, enabled and stable
-   element is not enabled
- retrying click action, attempt #114
-   waiting 500ms
-   waiting for element to be visible, enabled and stable
-   element is not enabled
- retrying click action, attempt #115
-   waiting 500ms
-   waiting for element to be visible, enabled and stable
-   element is not enabled
- retrying click action, attempt #116
-   waiting 500ms
-   waiting for element to be visible, enabled and stable
-   element is not enabled
- retrying click action, attempt #117
-   waiting 500ms
">
      <![CDATA[com.microsoft.playwright.TimeoutError: Error {
  message='Timeout 60000ms exceeded.
  name='TimeoutError
  stack='TimeoutError: Timeout 60000ms exceeded.
    at ProgressController.run (C:\Users\admin\AppData\Local\Temp\playwright-java-15469293699948459611\package\lib\server\progress.js:78:26)
    at Frame.click (C:\Users\admin\AppData\Local\Temp\playwright-java-15469293699948459611\package\lib\server\frames.js:1007:23)
    at FrameDispatcher.click (C:\Users\admin\AppData\Local\Temp\playwright-java-15469293699948459611\package\lib\server\dispatchers\frameDispatcher.js:158:30)
    at FrameDispatcher._handleCommand (C:\Users\admin\AppData\Local\Temp\playwright-java-15469293699948459611\package\lib\server\dispatchers\dispatcher.js:94:40)
    at DispatcherConnection.dispatch (C:\Users\admin\AppData\Local\Temp\playwright-java-15469293699948459611\package\lib\server\dispatchers\dispatcher.js:361:39)
}
Call log:
- waiting for locator("xpath=(//li[contains(@class,'select2-results__option')])[1]")
-   locator resolved to <li role="option" aria-disabled="true" id="select2-c…>-Select Content-</li>
- attempting click action
-   waiting for element to be visible, enabled and stable
-   element is not enabled
- retrying click action, attempt #1
-   waiting for element to be visible, enabled and stable
-   element is not enabled
- retrying click action, attempt #2
-   waiting 20ms
-   waiting for element to be visible, enabled and stable
-   element is not enabled
- retrying click action, attempt #3
-   waiting 100ms
-   waiting for element to be visible, enabled and stable
-   element is not enabled
- retrying click action, attempt #4
-   waiting 100ms
-   waiting for element to be visible, enabled and stable
-   element is not enabled
- retrying click action, attempt #5
-   waiting 500ms
-   waiting for element to be visible, enabled and stable
-   element is not enabled
- retrying click action, attempt #6
-   waiting 500ms
-   waiting for element to be visible, enabled and stable
-   element is not enabled
- retrying click action, attempt #7
-   waiting 500ms
-   waiting for element to be visible, enabled and stable
-   element is not enabled
- retrying click action, attempt #8
-   waiting 500ms
-   waiting for element to be visible, enabled and stable
-   element is not enabled
- retrying click action, attempt #9
-   waiting 500ms
-   waiting for element to be visible, enabled and stable
-   element is not enabled
- retrying click action, attempt #10
-   waiting 500ms
-   waiting for element to be visible, enabled and stable
-   element is not enabled
- retrying click action, attempt #11
-   waiting 500ms
-   waiting for element to be visible, enabled and stable
-   element is not enabled
- retrying click action, attempt #12
-   waiting 500ms
-   waiting for element to be visible, enabled and stable
-   element is not enabled
- retrying click action, attempt #13
-   waiting 500ms
-   waiting for element to be visible, enabled and stable
-   element is not enabled
- retrying click action, attempt #14
-   waiting 500ms
-   waiting for element to be visible, enabled and stable
-   element is not enabled
- retrying click action, attempt #15
-   waiting 500ms
-   waiting for element to be visible, enabled and stable
-   element is not enabled
- retrying click action, attempt #16
-   waiting 500ms
-   waiting for element to be visible, enabled and stable
-   element is not enabled
- retrying click action, attempt #17
-   waiting 500ms
-   waiting for element to be visible, enabled and stable
-   element is not enabled
- retrying click action, attempt #18
-   waiting 500ms
-   waiting for element to be visible, enabled and stable
-   element is not enabled
- retrying click action, attempt #19
-   waiting 500ms
-   waiting for element to be visible, enabled and stable
-   element is not enabled
- retrying click action, attempt #20
-   waiting 500ms
-   waiting for element to be visible, enabled and stable
-   element is not enabled
- retrying click action, attempt #21
-   waiting 500ms
-   waiting for element to be visible, enabled and stable
-   element is not enabled
- retrying click action, attempt #22
-   waiting 500ms
-   waiting for element to be visible, enabled and stable
-   element is not enabled
- retrying click action, attempt #23
-   waiting 500ms
-   waiting for element to be visible, enabled and stable
-   element is not enabled
- retrying click action, attempt #24
-   waiting 500ms
-   waiting for element to be visible, enabled and stable
-   element is not enabled
- retrying click action, attempt #25
-   waiting 500ms
-   waiting for element to be visible, enabled and stable
-   element is not enabled
- retrying click action, attempt #26
-   waiting 500ms
-   waiting for element to be visible, enabled and stable
-   element is not enabled
- retrying click action, attempt #27
-   waiting 500ms
-   waiting for element to be visible, enabled and stable
-   element is not enabled
- retrying click action, attempt #28
-   waiting 500ms
-   waiting for element to be visible, enabled and stable
-   element is not enabled
- retrying click action, attempt #29
-   waiting 500ms
-   waiting for element to be visible, enabled and stable
-   element is not enabled
- retrying click action, attempt #30
-   waiting 500ms
-   waiting for element to be visible, enabled and stable
-   element is not enabled
- retrying click action, attempt #31
-   waiting 500ms
-   waiting for element to be visible, enabled and stable
-   element is not enabled
- retrying click action, attempt #32
-   waiting 500ms
-   waiting for element to be visible, enabled and stable
-   element is not enabled
- retrying click action, attempt #33
-   waiting 500ms
-   waiting for element to be visible, enabled and stable
-   element is not enabled
- retrying click action, attempt #34
-   waiting 500ms
-   waiting for element to be visible, enabled and stable
-   element is not enabled
- retrying click action, attempt #35
-   waiting 500ms
-   waiting for element to be visible, enabled and stable
-   element is not enabled
- retrying click action, attempt #36
-   waiting 500ms
-   waiting for element to be visible, enabled and stable
-   element is not enabled
- retrying click action, attempt #37
-   waiting 500ms
-   waiting for element to be visible, enabled and stable
-   element is not enabled
- retrying click action, attempt #38
-   waiting 500ms
-   waiting for element to be visible, enabled and stable
-   element is not enabled
- retrying click action, attempt #39
-   waiting 500ms
-   waiting for element to be visible, enabled and stable
-   element is not enabled
- retrying click action, attempt #40
-   waiting 500ms
-   waiting for element to be visible, enabled and stable
-   element is not enabled
- retrying click action, attempt #41
-   waiting 500ms
-   waiting for element to be visible, enabled and stable
-   element is not enabled
- retrying click action, attempt #42
-   waiting 500ms
-   waiting for element to be visible, enabled and stable
-   element is not enabled
- retrying click action, attempt #43
-   waiting 500ms
-   waiting for element to be visible, enabled and stable
-   element is not enabled
- retrying click action, attempt #44
-   waiting 500ms
-   waiting for element to be visible, enabled and stable
-   element is not enabled
- retrying click action, attempt #45
-   waiting 500ms
-   waiting for element to be visible, enabled and stable
-   element is not enabled
- retrying click action, attempt #46
-   waiting 500ms
-   waiting for element to be visible, enabled and stable
-   element is not enabled
- retrying click action, attempt #47
-   waiting 500ms
-   waiting for element to be visible, enabled and stable
-   element is not enabled
- retrying click action, attempt #48
-   waiting 500ms
-   waiting for element to be visible, enabled and stable
-   element is not enabled
- retrying click action, attempt #49
-   waiting 500ms
-   waiting for element to be visible, enabled and stable
-   element is not enabled
- retrying click action, attempt #50
-   waiting 500ms
-   waiting for element to be visible, enabled and stable
-   element is not enabled
- retrying click action, attempt #51
-   waiting 500ms
-   waiting for element to be visible, enabled and stable
-   element is not enabled
- retrying click action, attempt #52
-   waiting 500ms
-   waiting for element to be visible, enabled and stable
-   element is not enabled
- retrying click action, attempt #53
-   waiting 500ms
-   waiting for element to be visible, enabled and stable
-   element is not enabled
- retrying click action, attempt #54
-   waiting 500ms
-   waiting for element to be visible, enabled and stable
-   element is not enabled
- retrying click action, attempt #55
-   waiting 500ms
-   waiting for element to be visible, enabled and stable
-   element is not enabled
- retrying click action, attempt #56
-   waiting 500ms
-   waiting for element to be visible, enabled and stable
-   element is not enabled
- retrying click action, attempt #57
-   waiting 500ms
-   waiting for element to be visible, enabled and stable
-   element is not enabled
- retrying click action, attempt #58
-   waiting 500ms
-   waiting for element to be visible, enabled and stable
-   element is not enabled
- retrying click action, attempt #59
-   waiting 500ms
-   waiting for element to be visible, enabled and stable
-   element is not enabled
- retrying click action, attempt #60
-   waiting 500ms
-   waiting for element to be visible, enabled and stable
-   element is not enabled
- retrying click action, attempt #61
-   waiting 500ms
-   waiting for element to be visible, enabled and stable
-   element is not enabled
- retrying click action, attempt #62
-   waiting 500ms
-   waiting for element to be visible, enabled and stable
-   element is not enabled
- retrying click action, attempt #63
-   waiting 500ms
-   waiting for element to be visible, enabled and stable
-   element is not enabled
- retrying click action, attempt #64
-   waiting 500ms
-   waiting for element to be visible, enabled and stable
-   element is not enabled
- retrying click action, attempt #65
-   waiting 500ms
-   waiting for element to be visible, enabled and stable
-   element is not enabled
- retrying click action, attempt #66
-   waiting 500ms
-   waiting for element to be visible, enabled and stable
-   element is not enabled
- retrying click action, attempt #67
-   waiting 500ms
-   waiting for element to be visible, enabled and stable
-   element is not enabled
- retrying click action, attempt #68
-   waiting 500ms
-   waiting for element to be visible, enabled and stable
-   element is not enabled
- retrying click action, attempt #69
-   waiting 500ms
-   waiting for element to be visible, enabled and stable
-   element is not enabled
- retrying click action, attempt #70
-   waiting 500ms
-   waiting for element to be visible, enabled and stable
-   element is not enabled
- retrying click action, attempt #71
-   waiting 500ms
-   waiting for element to be visible, enabled and stable
-   element is not enabled
- retrying click action, attempt #72
-   waiting 500ms
-   waiting for element to be visible, enabled and stable
-   element is not enabled
- retrying click action, attempt #73
-   waiting 500ms
-   waiting for element to be visible, enabled and stable
-   element is not enabled
- retrying click action, attempt #74
-   waiting 500ms
-   waiting for element to be visible, enabled and stable
-   element is not enabled
- retrying click action, attempt #75
-   waiting 500ms
-   waiting for element to be visible, enabled and stable
-   element is not enabled
- retrying click action, attempt #76
-   waiting 500ms
-   waiting for element to be visible, enabled and stable
-   element is not enabled
- retrying click action, attempt #77
-   waiting 500ms
-   waiting for element to be visible, enabled and stable
-   element is not enabled
- retrying click action, attempt #78
-   waiting 500ms
-   waiting for element to be visible, enabled and stable
-   element is not enabled
- retrying click action, attempt #79
-   waiting 500ms
-   waiting for element to be visible, enabled and stable
-   element is not enabled
- retrying click action, attempt #80
-   waiting 500ms
-   waiting for element to be visible, enabled and stable
-   element is not enabled
- retrying click action, attempt #81
-   waiting 500ms
-   waiting for element to be visible, enabled and stable
-   element is not enabled
- retrying click action, attempt #82
-   waiting 500ms
-   waiting for element to be visible, enabled and stable
-   element is not enabled
- retrying click action, attempt #83
-   waiting 500ms
-   waiting for element to be visible, enabled and stable
-   element is not enabled
- retrying click action, attempt #84
-   waiting 500ms
-   waiting for element to be visible, enabled and stable
-   element is not enabled
- retrying click action, attempt #85
-   waiting 500ms
-   waiting for element to be visible, enabled and stable
-   element is not enabled
- retrying click action, attempt #86
-   waiting 500ms
-   waiting for element to be visible, enabled and stable
-   element is not enabled
- retrying click action, attempt #87
-   waiting 500ms
-   waiting for element to be visible, enabled and stable
-   element is not enabled
- retrying click action, attempt #88
-   waiting 500ms
-   waiting for element to be visible, enabled and stable
-   element is not enabled
- retrying click action, attempt #89
-   waiting 500ms
-   waiting for element to be visible, enabled and stable
-   element is not enabled
- retrying click action, attempt #90
-   waiting 500ms
-   waiting for element to be visible, enabled and stable
-   element is not enabled
- retrying click action, attempt #91
-   waiting 500ms
-   waiting for element to be visible, enabled and stable
-   element is not enabled
- retrying click action, attempt #92
-   waiting 500ms
-   waiting for element to be visible, enabled and stable
-   element is not enabled
- retrying click action, attempt #93
-   waiting 500ms
-   waiting for element to be visible, enabled and stable
-   element is not enabled
- retrying click action, attempt #94
-   waiting 500ms
-   waiting for element to be visible, enabled and stable
-   element is not enabled
- retrying click action, attempt #95
-   waiting 500ms
-   waiting for element to be visible, enabled and stable
-   element is not enabled
- retrying click action, attempt #96
-   waiting 500ms
-   waiting for element to be visible, enabled and stable
-   element is not enabled
- retrying click action, attempt #97
-   waiting 500ms
-   waiting for element to be visible, enabled and stable
-   element is not enabled
- retrying click action, attempt #98
-   waiting 500ms
-   waiting for element to be visible, enabled and stable
-   element is not enabled
- retrying click action, attempt #99
-   waiting 500ms
-   waiting for element to be visible, enabled and stable
-   element is not enabled
- retrying click action, attempt #100
-   waiting 500ms
-   waiting for element to be visible, enabled and stable
-   element is not enabled
- retrying click action, attempt #101
-   waiting 500ms
-   waiting for element to be visible, enabled and stable
-   element is not enabled
- retrying click action, attempt #102
-   waiting 500ms
-   waiting for element to be visible, enabled and stable
-   element is not enabled
- retrying click action, attempt #103
-   waiting 500ms
-   waiting for element to be visible, enabled and stable
-   element is not enabled
- retrying click action, attempt #104
-   waiting 500ms
-   waiting for element to be visible, enabled and stable
-   element is not enabled
- retrying click action, attempt #105
-   waiting 500ms
-   waiting for element to be visible, enabled and stable
-   element is not enabled
- retrying click action, attempt #106
-   waiting 500ms
-   waiting for element to be visible, enabled and stable
-   element is not enabled
- retrying click action, attempt #107
-   waiting 500ms
-   waiting for element to be visible, enabled and stable
-   element is not enabled
- retrying click action, attempt #108
-   waiting 500ms
-   waiting for element to be visible, enabled and stable
-   element is not enabled
- retrying click action, attempt #109
-   waiting 500ms
-   waiting for element to be visible, enabled and stable
-   element is not enabled
- retrying click action, attempt #110
-   waiting 500ms
-   waiting for element to be visible, enabled and stable
-   element is not enabled
- retrying click action, attempt #111
-   waiting 500ms
-   waiting for element to be visible, enabled and stable
-   element is not enabled
- retrying click action, attempt #112
-   waiting 500ms
-   waiting for element to be visible, enabled and stable
-   element is not enabled
- retrying click action, attempt #113
-   waiting 500ms
-   waiting for element to be visible, enabled and stable
-   element is not enabled
- retrying click action, attempt #114
-   waiting 500ms
-   waiting for element to be visible, enabled and stable
-   element is not enabled
- retrying click action, attempt #115
-   waiting 500ms
-   waiting for element to be visible, enabled and stable
-   element is not enabled
- retrying click action, attempt #116
-   waiting 500ms
-   waiting for element to be visible, enabled and stable
-   element is not enabled
- retrying click action, attempt #117
-   waiting 500ms

at com.microsoft.playwright.impl.WaitableResult.get(WaitableResult.java:52)
at com.microsoft.playwright.impl.ChannelOwner.runUntil(ChannelOwner.java:120)
at com.microsoft.playwright.impl.Connection.sendMessage(Connection.java:130)
at com.microsoft.playwright.impl.ChannelOwner.sendMessage(ChannelOwner.java:106)
at com.microsoft.playwright.impl.FrameImpl.clickImpl(FrameImpl.java:252)
at com.microsoft.playwright.impl.FrameImpl.lambda$click$8(FrameImpl.java:243)
at com.microsoft.playwright.impl.LoggingSupport.lambda$withLogging$0(LoggingSupport.java:36)
at com.microsoft.playwright.impl.LoggingSupport.withLogging(LoggingSupport.java:47)
at com.microsoft.playwright.impl.ChannelOwner.withLogging(ChannelOwner.java:89)
at com.microsoft.playwright.impl.LoggingSupport.withLogging(LoggingSupport.java:35)
at com.microsoft.playwright.impl.FrameImpl.click(FrameImpl.java:243)
at com.microsoft.playwright.impl.LocatorImpl.click(LocatorImpl.java:160)
at com.microsoft.playwright.Locator.click(Locator.java:2468)
at pageObjects.PushNotificationPageImproved.selectContentOption(PushNotificationPageImproved.java:312)
at tests.PushNotificationTestImproved.test_TC_PN_020_verifyContentLink(PushNotificationTestImproved.java:358)
at java.base/jdk.internal.reflect.DirectMethodHandleAccessor.invoke(DirectMethodHandleAccessor.java:103)
at java.base/java.lang.reflect.Method.invoke(Method.java:580)
at org.testng.internal.invokers.MethodInvocationHelper.invokeMethod(MethodInvocationHelper.java:139)
at org.testng.internal.invokers.TestInvoker.invokeMethod(TestInvoker.java:664)
at org.testng.internal.invokers.TestInvoker.invokeTestMethod(TestInvoker.java:228)
at org.testng.internal.invokers.MethodRunner.runInSequence(MethodRunner.java:63)
at org.testng.internal.invokers.TestInvoker$MethodInvocationAgent.invoke(TestInvoker.java:961)
at org.testng.internal.invokers.TestInvoker.invokeTestMethods(TestInvoker.java:201)
at org.testng.internal.invokers.TestMethodWorker.invokeTestMethods(TestMethodWorker.java:148)
at org.testng.internal.invokers.TestMethodWorker.run(TestMethodWorker.java:128)
at java.base/java.util.ArrayList.forEach(ArrayList.java:1597)
at org.testng.TestRunner.privateRun(TestRunner.java:819)
at org.testng.TestRunner.run(TestRunner.java:619)
at org.testng.SuiteRunner.runTest(SuiteRunner.java:443)
at org.testng.SuiteRunner.runSequentially(SuiteRunner.java:437)
at org.testng.SuiteRunner.privateRun(SuiteRunner.java:397)
at org.testng.SuiteRunner.run(SuiteRunner.java:336)
at org.testng.SuiteRunnerWorker.runSuite(SuiteRunnerWorker.java:52)
at org.testng.SuiteRunnerWorker.run(SuiteRunnerWorker.java:95)
at org.testng.TestNG.runSuitesSequentially(TestNG.java:1301)
at org.testng.TestNG.runSuitesLocally(TestNG.java:1228)
at org.testng.TestNG.runSuites(TestNG.java:1134)
at org.testng.TestNG.run(TestNG.java:1101)
at org.testng.remote.AbstractRemoteTestNG.run(AbstractRemoteTestNG.java:115)
at org.testng.remote.RemoteTestNG.initAndRun(RemoteTestNG.java:293)
at org.testng.remote.RemoteTestNG.main(RemoteTestNG.java:91)
Caused by: com.microsoft.playwright.TimeoutError: Error {
  message='Timeout 60000ms exceeded.
  name='TimeoutError
  stack='TimeoutError: Timeout 60000ms exceeded.
    at ProgressController.run (C:\Users\admin\AppData\Local\Temp\playwright-java-15469293699948459611\package\lib\server\progress.js:78:26)
    at Frame.click (C:\Users\admin\AppData\Local\Temp\playwright-java-15469293699948459611\package\lib\server\frames.js:1007:23)
    at FrameDispatcher.click (C:\Users\admin\AppData\Local\Temp\playwright-java-15469293699948459611\package\lib\server\dispatchers\frameDispatcher.js:158:30)
    at FrameDispatcher._handleCommand (C:\Users\admin\AppData\Local\Temp\playwright-java-15469293699948459611\package\lib\server\dispatchers\dispatcher.js:94:40)
    at DispatcherConnection.dispatch (C:\Users\admin\AppData\Local\Temp\playwright-java-15469293699948459611\package\lib\server\dispatchers\dispatcher.js:361:39)
}
Call log:
- waiting for locator("xpath=(//li[contains(@class,'select2-results__option')])[1]")
-   locator resolved to <li role="option" aria-disabled="true" id="select2-c…>-Select Content-</li>
- attempting click action
-   waiting for element to be visible, enabled and stable
-   element is not enabled
- retrying click action, attempt #1
-   waiting for element to be visible, enabled and stable
-   element is not enabled
- retrying click action, attempt #2
-   waiting 20ms
-   waiting for element to be visible, enabled and stable
-   element is not enabled
- retrying click action, attempt #3
-   waiting 100ms
-   waiting for element to be visible, enabled and stable
-   element is not enabled
- retrying click action, attempt #4
-   waiting 100ms
-   waiting for element to be visible, enabled and stable
-   element is not enabled
- retrying click action, attempt #5
-   waiting 500ms
-   waiting for element to be visible, enabled and stable
-   element is not enabled
- retrying click action, attempt #6
-   waiting 500ms
-   waiting for element to be visible, enabled and stable
-   element is not enabled
- retrying click action, attempt #7
-   waiting 500ms
-   waiting for element to be visible, enabled and stable
-   element is not enabled
- retrying click action, attempt #8
-   waiting 500ms
-   waiting for element to be visible, enabled and stable
-   element is not enabled
- retrying click action, attempt #9
-   waiting 500ms
-   waiting for element to be visible, enabled and stable
-   element is not enabled
- retrying click action, attempt #10
-   waiting 500ms
-   waiting for element to be visible, enabled and stable
-   element is not enabled
- retrying click action, attempt #11
-   waiting 500ms
-   waiting for element to be visible, enabled and stable
-   element is not enabled
- retrying click action, attempt #12
-   waiting 500ms
-   waiting for element to be visible, enabled and stable
-   element is not enabled
- retrying click action, attempt #13
-   waiting 500ms
-   waiting for element to be visible, enabled and stable
-   element is not enabled
- retrying click action, attempt #14
-   waiting 500ms
-   waiting for element to be visible, enabled and stable
-   element is not enabled
- retrying click action, attempt #15
-   waiting 500ms
-   waiting for element to be visible, enabled and stable
-   element is not enabled
- retrying click action, attempt #16
-   waiting 500ms
-   waiting for element to be visible, enabled and stable
-   element is not enabled
- retrying click action, attempt #17
-   waiting 500ms
-   waiting for element to be visible, enabled and stable
-   element is not enabled
- retrying click action, attempt #18
-   waiting 500ms
-   waiting for element to be visible, enabled and stable
-   element is not enabled
- retrying click action, attempt #19
-   waiting 500ms
-   waiting for element to be visible, enabled and stable
-   element is not enabled
- retrying click action, attempt #20
-   waiting 500ms
-   waiting for element to be visible, enabled and stable
-   element is not enabled
- retrying click action, attempt #21
-   waiting 500ms
-   waiting for element to be visible, enabled and stable
-   element is not enabled
- retrying click action, attempt #22
-   waiting 500ms
-   waiting for element to be visible, enabled and stable
-   element is not enabled
- retrying click action, attempt #23
-   waiting 500ms
-   waiting for element to be visible, enabled and stable
-   element is not enabled
- retrying click action, attempt #24
-   waiting 500ms
-   waiting for element to be visible, enabled and stable
-   element is not enabled
- retrying click action, attempt #25
-   waiting 500ms
-   waiting for element to be visible, enabled and stable
-   element is not enabled
- retrying click action, attempt #26
-   waiting 500ms
-   waiting for element to be visible, enabled and stable
-   element is not enabled
- retrying click action, attempt #27
-   waiting 500ms
-   waiting for element to be visible, enabled and stable
-   element is not enabled
- retrying click action, attempt #28
-   waiting 500ms
-   waiting for element to be visible, enabled and stable
-   element is not enabled
- retrying click action, attempt #29
-   waiting 500ms
-   waiting for element to be visible, enabled and stable
-   element is not enabled
- retrying click action, attempt #30
-   waiting 500ms
-   waiting for element to be visible, enabled and stable
-   element is not enabled
- retrying click action, attempt #31
-   waiting 500ms
-   waiting for element to be visible, enabled and stable
-   element is not enabled
- retrying click action, attempt #32
-   waiting 500ms
-   waiting for element to be visible, enabled and stable
-   element is not enabled
- retrying click action, attempt #33
-   waiting 500ms
-   waiting for element to be visible, enabled and stable
-   element is not enabled
- retrying click action, attempt #34
-   waiting 500ms
-   waiting for element to be visible, enabled and stable
-   element is not enabled
- retrying click action, attempt #35
-   waiting 500ms
-   waiting for element to be visible, enabled and stable
-   element is not enabled
- retrying click action, attempt #36
-   waiting 500ms
-   waiting for element to be visible, enabled and stable
-   element is not enabled
- retrying click action, attempt #37
-   waiting 500ms
-   waiting for element to be visible, enabled and stable
-   element is not enabled
- retrying click action, attempt #38
-   waiting 500ms
-   waiting for element to be visible, enabled and stable
-   element is not enabled
- retrying click action, attempt #39
-   waiting 500ms
-   waiting for element to be visible, enabled and stable
-   element is not enabled
- retrying click action, attempt #40
-   waiting 500ms
-   waiting for element to be visible, enabled and stable
-   element is not enabled
- retrying click action, attempt #41
-   waiting 500ms
-   waiting for element to be visible, enabled and stable
-   element is not enabled
- retrying click action, attempt #42
-   waiting 500ms
-   waiting for element to be visible, enabled and stable
-   element is not enabled
- retrying click action, attempt #43
-   waiting 500ms
-   waiting for element to be visible, enabled and stable
-   element is not enabled
- retrying click action, attempt #44
-   waiting 500ms
-   waiting for element to be visible, enabled and stable
-   element is not enabled
- retrying click action, attempt #45
-   waiting 500ms
-   waiting for element to be visible, enabled and stable
-   element is not enabled
- retrying click action, attempt #46
-   waiting 500ms
-   waiting for element to be visible, enabled and stable
-   element is not enabled
- retrying click action, attempt #47
-   waiting 500ms
-   waiting for element to be visible, enabled and stable
-   element is not enabled
- retrying click action, attempt #48
-   waiting 500ms
-   waiting for element to be visible, enabled and stable
-   element is not enabled
- retrying click action, attempt #49
-   waiting 500ms
-   waiting for element to be visible, enabled and stable
-   element is not enabled
- retrying click action, attempt #50
-   waiting 500ms
-   waiting for element to be visible, enabled and stable
-   element is not enabled
- retrying click action, attempt #51
-   waiting 500ms
-   waiting for element to be visible, enabled and stable
-   element is not enabled
- retrying click action, attempt #52
-   waiting 500ms
-   waiting for element to be visible, enabled and stable
-   element is not enabled
- retrying click action, attempt #53
-   waiting 500ms
-   waiting for element to be visible, enabled and stable
-   element is not enabled
- retrying click action, attempt #54
-   waiting 500ms
-   waiting for element to be visible, enabled and stable
-   element is not enabled
- retrying click action, attempt #55
-   waiting 500ms
-   waiting for element to be visible, enabled and stable
-   element is not enabled
- retrying click action, attempt #56
-   waiting 500ms
-   waiting for element to be visible, enabled and stable
-   element is not enabled
- retrying click action, attempt #57
-   waiting 500ms
-   waiting for element to be visible, enabled and stable
-   element is not enabled
- retrying click action, attempt #58
-   waiting 500ms
-   waiting for element to be visible, enabled and stable
-   element is not enabled
- retrying click action, attempt #59
-   waiting 500ms
-   waiting for element to be visible, enabled and stable
-   element is not enabled
- retrying click action, attempt #60
-   waiting 500ms
-   waiting for element to be visible, enabled and stable
-   element is not enabled
- retrying click action, attempt #61
-   waiting 500ms
-   waiting for element to be visible, enabled and stable
-   element is not enabled
- retrying click action, attempt #62
-   waiting 500ms
-   waiting for element to be visible, enabled and stable
-   element is not enabled
- retrying click action, attempt #63
-   waiting 500ms
-   waiting for element to be visible, enabled and stable
-   element is not enabled
- retrying click action, attempt #64
-   waiting 500ms
-   waiting for element to be visible, enabled and stable
-   element is not enabled
- retrying click action, attempt #65
-   waiting 500ms
-   waiting for element to be visible, enabled and stable
-   element is not enabled
- retrying click action, attempt #66
-   waiting 500ms
-   waiting for element to be visible, enabled and stable
-   element is not enabled
- retrying click action, attempt #67
-   waiting 500ms
-   waiting for element to be visible, enabled and stable
-   element is not enabled
- retrying click action, attempt #68
-   waiting 500ms
-   waiting for element to be visible, enabled and stable
-   element is not enabled
- retrying click action, attempt #69
-   waiting 500ms
-   waiting for element to be visible, enabled and stable
-   element is not enabled
- retrying click action, attempt #70
-   waiting 500ms
-   waiting for element to be visible, enabled and stable
-   element is not enabled
- retrying click action, attempt #71
-   waiting 500ms
-   waiting for element to be visible, enabled and stable
-   element is not enabled
- retrying click action, attempt #72
-   waiting 500ms
-   waiting for element to be visible, enabled and stable
-   element is not enabled
- retrying click action, attempt #73
-   waiting 500ms
-   waiting for element to be visible, enabled and stable
-   element is not enabled
- retrying click action, attempt #74
-   waiting 500ms
-   waiting for element to be visible, enabled and stable
-   element is not enabled
- retrying click action, attempt #75
-   waiting 500ms
-   waiting for element to be visible, enabled and stable
-   element is not enabled
- retrying click action, attempt #76
-   waiting 500ms
-   waiting for element to be visible, enabled and stable
-   element is not enabled
- retrying click action, attempt #77
-   waiting 500ms
-   waiting for element to be visible, enabled and stable
-   element is not enabled
- retrying click action, attempt #78
-   waiting 500ms
-   waiting for element to be visible, enabled and stable
-   element is not enabled
- retrying click action, attempt #79
-   waiting 500ms
-   waiting for element to be visible, enabled and stable
-   element is not enabled
- retrying click action, attempt #80
-   waiting 500ms
-   waiting for element to be visible, enabled and stable
-   element is not enabled
- retrying click action, attempt #81
-   waiting 500ms
-   waiting for element to be visible, enabled and stable
-   element is not enabled
- retrying click action, attempt #82
-   waiting 500ms
-   waiting for element to be visible, enabled and stable
-   element is not enabled
- retrying click action, attempt #83
-   waiting 500ms
-   waiting for element to be visible, enabled and stable
-   element is not enabled
- retrying click action, attempt #84
-   waiting 500ms
-   waiting for element to be visible, enabled and stable
-   element is not enabled
- retrying click action, attempt #85
-   waiting 500ms
-   waiting for element to be visible, enabled and stable
-   element is not enabled
- retrying click action, attempt #86
-   waiting 500ms
-   waiting for element to be visible, enabled and stable
-   element is not enabled
- retrying click action, attempt #87
-   waiting 500ms
-   waiting for element to be visible, enabled and stable
-   element is not enabled
- retrying click action, attempt #88
-   waiting 500ms
-   waiting for element to be visible, enabled and stable
-   element is not enabled
- retrying click action, attempt #89
-   waiting 500ms
-   waiting for element to be visible, enabled and stable
-   element is not enabled
- retrying click action, attempt #90
-   waiting 500ms
-   waiting for element to be visible, enabled and stable
-   element is not enabled
- retrying click action, attempt #91
-   waiting 500ms
-   waiting for element to be visible, enabled and stable
-   element is not enabled
- retrying click action, attempt #92
-   waiting 500ms
-   waiting for element to be visible, enabled and stable
-   element is not enabled
- retrying click action, attempt #93
-   waiting 500ms
-   waiting for element to be visible, enabled and stable
-   element is not enabled
- retrying click action, attempt #94
-   waiting 500ms
-   waiting for element to be visible, enabled and stable
-   element is not enabled
- retrying click action, attempt #95
-   waiting 500ms
-   waiting for element to be visible, enabled and stable
-   element is not enabled
- retrying click action, attempt #96
-   waiting 500ms
-   waiting for element to be visible, enabled and stable
-   element is not enabled
- retrying click action, attempt #97
-   waiting 500ms
-   waiting for element to be visible, enabled and stable
-   element is not enabled
- retrying click action, attempt #98
-   waiting 500ms
-   waiting for element to be visible, enabled and stable
-   element is not enabled
- retrying click action, attempt #99
-   waiting 500ms
-   waiting for element to be visible, enabled and stable
-   element is not enabled
- retrying click action, attempt #100
-   waiting 500ms
-   waiting for element to be visible, enabled and stable
-   element is not enabled
- retrying click action, attempt #101
-   waiting 500ms
-   waiting for element to be visible, enabled and stable
-   element is not enabled
- retrying click action, attempt #102
-   waiting 500ms
-   waiting for element to be visible, enabled and stable
-   element is not enabled
- retrying click action, attempt #103
-   waiting 500ms
-   waiting for element to be visible, enabled and stable
-   element is not enabled
- retrying click action, attempt #104
-   waiting 500ms
-   waiting for element to be visible, enabled and stable
-   element is not enabled
- retrying click action, attempt #105
-   waiting 500ms
-   waiting for element to be visible, enabled and stable
-   element is not enabled
- retrying click action, attempt #106
-   waiting 500ms
-   waiting for element to be visible, enabled and stable
-   element is not enabled
- retrying click action, attempt #107
-   waiting 500ms
-   waiting for element to be visible, enabled and stable
-   element is not enabled
- retrying click action, attempt #108
-   waiting 500ms
-   waiting for element to be visible, enabled and stable
-   element is not enabled
- retrying click action, attempt #109
-   waiting 500ms
-   waiting for element to be visible, enabled and stable
-   element is not enabled
- retrying click action, attempt #110
-   waiting 500ms
-   waiting for element to be visible, enabled and stable
-   element is not enabled
- retrying click action, attempt #111
-   waiting 500ms
-   waiting for element to be visible, enabled and stable
-   element is not enabled
- retrying click action, attempt #112
-   waiting 500ms
-   waiting for element to be visible, enabled and stable
-   element is not enabled
- retrying click action, attempt #113
-   waiting 500ms
-   waiting for element to be visible, enabled and stable
-   element is not enabled
- retrying click action, attempt #114
-   waiting 500ms
-   waiting for element to be visible, enabled and stable
-   element is not enabled
- retrying click action, attempt #115
-   waiting 500ms
-   waiting for element to be visible, enabled and stable
-   element is not enabled
- retrying click action, attempt #116
-   waiting 500ms
-   waiting for element to be visible, enabled and stable
-   element is not enabled
- retrying click action, attempt #117
-   waiting 500ms

at com.microsoft.playwright.impl.Connection.dispatch(Connection.java:254)
at com.microsoft.playwright.impl.Connection.processOneMessage(Connection.java:211)
at com.microsoft.playwright.impl.ChannelOwner.runUntil(ChannelOwner.java:118)
... 39 more
]]>
    </failure>
  </testcase> <!-- test_TC_PN_020_verifyContentLink -->
  <testcase classname="tests.PushNotificationTestImproved" name="test_TC_PN_012_imagesInDifferentFormat" time="11.536"/>
  <testcase classname="tests.PushNotificationTestImproved" name="test_TC_PN_049_pushNotificationWithSpecialCharacter" time="10.042"/>
  <testcase classname="tests.PushNotificationTestImproved" name="test_TC_PN_036_pushNotificationWithCsvUpload" time="8.862"/>
  <testcase classname="tests.PushNotificationTestImproved" name="test_TC_PN_050_pushNotificationWithoutCsvUpload" time="13.34">
    <failure type="java.lang.AssertionError" message="expected [Please select a file.] but found []">
      <![CDATA[java.lang.AssertionError: expected [Please select a file.] but found []
at org.testng.Assert.fail(Assert.java:111)
at org.testng.Assert.failNotEquals(Assert.java:1578)
at org.testng.Assert.assertEqualsImpl(Assert.java:150)
at org.testng.Assert.assertEquals(Assert.java:132)
at org.testng.Assert.assertEquals(Assert.java:656)
at org.testng.Assert.assertEquals(Assert.java:666)
at tests.PushNotificationTestImproved.test_TC_PN_050_pushNotificationWithoutCsvUpload(PushNotificationTestImproved.java:427)
at java.base/jdk.internal.reflect.DirectMethodHandleAccessor.invoke(DirectMethodHandleAccessor.java:103)
at java.base/java.lang.reflect.Method.invoke(Method.java:580)
at org.testng.internal.invokers.MethodInvocationHelper.invokeMethod(MethodInvocationHelper.java:139)
at org.testng.internal.invokers.TestInvoker.invokeMethod(TestInvoker.java:664)
at org.testng.internal.invokers.TestInvoker.invokeTestMethod(TestInvoker.java:228)
at org.testng.internal.invokers.MethodRunner.runInSequence(MethodRunner.java:63)
at org.testng.internal.invokers.TestInvoker$MethodInvocationAgent.invoke(TestInvoker.java:961)
at org.testng.internal.invokers.TestInvoker.invokeTestMethods(TestInvoker.java:201)
at org.testng.internal.invokers.TestMethodWorker.invokeTestMethods(TestMethodWorker.java:148)
at org.testng.internal.invokers.TestMethodWorker.run(TestMethodWorker.java:128)
at java.base/java.util.ArrayList.forEach(ArrayList.java:1597)
at org.testng.TestRunner.privateRun(TestRunner.java:819)
at org.testng.TestRunner.run(TestRunner.java:619)
at org.testng.SuiteRunner.runTest(SuiteRunner.java:443)
at org.testng.SuiteRunner.runSequentially(SuiteRunner.java:437)
at org.testng.SuiteRunner.privateRun(SuiteRunner.java:397)
at org.testng.SuiteRunner.run(SuiteRunner.java:336)
at org.testng.SuiteRunnerWorker.runSuite(SuiteRunnerWorker.java:52)
at org.testng.SuiteRunnerWorker.run(SuiteRunnerWorker.java:95)
at org.testng.TestNG.runSuitesSequentially(TestNG.java:1301)
at org.testng.TestNG.runSuitesLocally(TestNG.java:1228)
at org.testng.TestNG.runSuites(TestNG.java:1134)
at org.testng.TestNG.run(TestNG.java:1101)
at org.testng.remote.AbstractRemoteTestNG.run(AbstractRemoteTestNG.java:115)
at org.testng.remote.RemoteTestNG.initAndRun(RemoteTestNG.java:293)
at org.testng.remote.RemoteTestNG.main(RemoteTestNG.java:91)
]]>
    </failure>
  </testcase> <!-- test_TC_PN_050_pushNotificationWithoutCsvUpload -->
</testsuite> <!-- Default test -->
