<?xml version="1.0" encoding="UTF-8"?>
<testng-results ignored="0" total="7" passed="7" failed="0" skipped="0">
  <reporter-output>
  </reporter-output>
  <suite started-at="2026-04-12T22:48:32 IST" name="Default suite" finished-at="2026-04-12T22:51:16 IST" duration-ms="164626">
    <groups>
    </groups>
    <test started-at="2026-04-12T22:48:32 IST" name="Default test" finished-at="2026-04-12T22:51:16 IST" duration-ms="164626">
      <class name="tests.SocialAutoPostPlaywrightTest">
        <test-method is-config="true" signature="globalSetup()[pri:0, instance:tests.SocialAutoPostPlaywrightTest@d8948cd]" started-at="2026-04-12T22:48:15 IST" name="globalSetup" finished-at="2026-04-12T22:48:32 IST" duration-ms="16594" status="PASS">
          <reporter-output>
          </reporter-output>
        </test-method> <!-- globalSetup -->
        <test-method is-config="true" signature="setUp()[pri:0, instance:tests.SocialAutoPostPlaywrightTest@d8948cd]" started-at="2026-04-12T22:48:32 IST" name="setUp" finished-at="2026-04-12T22:48:38 IST" duration-ms="5832" status="PASS">
          <reporter-output>
          </reporter-output>
        </test-method> <!-- setUp -->
        <test-method signature="test_TC_SAP_01_whenPostedWithPngImageWithCobranding()[pri:1, instance:tests.SocialAutoPostPlaywrightTest@d8948cd]" started-at="2026-04-12T22:48:39 IST" name="test_TC_SAP_01_whenPostedWithPngImageWithCobranding" finished-at="2026-04-12T22:48:57 IST" duration-ms="18277" status="PASS">
          <reporter-output>
          </reporter-output>
        </test-method> <!-- test_TC_SAP_01_whenPostedWithPngImageWithCobranding -->
        <test-method is-config="true" signature="tearDown()[pri:0, instance:tests.SocialAutoPostPlaywrightTest@d8948cd]" started-at="2026-04-12T22:48:57 IST" name="tearDown" finished-at="2026-04-12T22:48:57 IST" duration-ms="201" status="PASS">
          <reporter-output>
          </reporter-output>
        </test-method> <!-- tearDown -->
        <test-method is-config="true" signature="setUp()[pri:0, instance:tests.SocialAutoPostPlaywrightTest@d8948cd]" started-at="2026-04-12T22:48:57 IST" name="setUp" finished-at="2026-04-12T22:49:04 IST" duration-ms="6691" status="PASS">
          <reporter-output>
          </reporter-output>
        </test-method> <!-- setUp -->
        <test-method signature="test_TC_SAP_02_whenPostedWithJpgImageWithCobranding()[pri:2, instance:tests.SocialAutoPostPlaywrightTest@d8948cd]" started-at="2026-04-12T22:49:04 IST" name="test_TC_SAP_02_whenPostedWithJpgImageWithCobranding" finished-at="2026-04-12T22:49:21 IST" duration-ms="16740" status="PASS">
          <reporter-output>
          </reporter-output>
        </test-method> <!-- test_TC_SAP_02_whenPostedWithJpgImageWithCobranding -->
        <test-method is-config="true" signature="tearDown()[pri:0, instance:tests.SocialAutoPostPlaywrightTest@d8948cd]" started-at="2026-04-12T22:49:21 IST" name="tearDown" finished-at="2026-04-12T22:49:21 IST" duration-ms="266" status="PASS">
          <reporter-output>
          </reporter-output>
        </test-method> <!-- tearDown -->
        <test-method is-config="true" signature="setUp()[pri:0, instance:tests.SocialAutoPostPlaywrightTest@d8948cd]" started-at="2026-04-12T22:49:21 IST" name="setUp" finished-at="2026-04-12T22:49:27 IST" duration-ms="6271" status="PASS">
          <reporter-output>
          </reporter-output>
        </test-method> <!-- setUp -->
        <test-method signature="test_TC_SAP_03_whenPostedWithVideo()[pri:3, instance:tests.SocialAutoPostPlaywrightTest@d8948cd]" started-at="2026-04-12T22:49:27 IST" name="test_TC_SAP_03_whenPostedWithVideo" finished-at="2026-04-12T22:49:52 IST" duration-ms="24159" status="PASS">
          <reporter-output>
          </reporter-output>
        </test-method> <!-- test_TC_SAP_03_whenPostedWithVideo -->
        <test-method is-config="true" signature="tearDown()[pri:0, instance:tests.SocialAutoPostPlaywrightTest@d8948cd]" started-at="2026-04-12T22:49:52 IST" name="tearDown" finished-at="2026-04-12T22:49:52 IST" duration-ms="147" status="PASS">
          <reporter-output>
          </reporter-output>
        </test-method> <!-- tearDown -->
        <test-method is-config="true" signature="setUp()[pri:0, instance:tests.SocialAutoPostPlaywrightTest@d8948cd]" started-at="2026-04-12T22:49:52 IST" name="setUp" finished-at="2026-04-12T22:49:58 IST" duration-ms="5859" status="PASS">
          <reporter-output>
          </reporter-output>
        </test-method> <!-- setUp -->
        <test-method signature="test_TC_SAP_04_whenPostedWithSpecialCharacterInTitleAndDescription()[pri:4, instance:tests.SocialAutoPostPlaywrightTest@d8948cd]" started-at="2026-04-12T22:49:58 IST" name="test_TC_SAP_04_whenPostedWithSpecialCharacterInTitleAndDescription" finished-at="2026-04-12T22:50:14 IST" duration-ms="16282" status="PASS">
          <reporter-output>
          </reporter-output>
        </test-method> <!-- test_TC_SAP_04_whenPostedWithSpecialCharacterInTitleAndDescription -->
        <test-method is-config="true" signature="tearDown()[pri:0, instance:tests.SocialAutoPostPlaywrightTest@d8948cd]" started-at="2026-04-12T22:50:14 IST" name="tearDown" finished-at="2026-04-12T22:50:14 IST" duration-ms="125" status="PASS">
          <reporter-output>
          </reporter-output>
        </test-method> <!-- tearDown -->
        <test-method is-config="true" signature="setUp()[pri:0, instance:tests.SocialAutoPostPlaywrightTest@d8948cd]" started-at="2026-04-12T22:50:14 IST" name="setUp" finished-at="2026-04-12T22:50:19 IST" duration-ms="5008" status="PASS">
          <reporter-output>
          </reporter-output>
        </test-method> <!-- setUp -->
        <test-method signature="test_TC_SAP_05_whenPostedOnAllSocialMediaWithCustomUrl()[pri:5, instance:tests.SocialAutoPostPlaywrightTest@d8948cd]" started-at="2026-04-12T22:50:19 IST" name="test_TC_SAP_05_whenPostedOnAllSocialMediaWithCustomUrl" finished-at="2026-04-12T22:50:35 IST" duration-ms="16076" status="PASS">
          <reporter-output>
          </reporter-output>
        </test-method> <!-- test_TC_SAP_05_whenPostedOnAllSocialMediaWithCustomUrl -->
        <test-method is-config="true" signature="tearDown()[pri:0, instance:tests.SocialAutoPostPlaywrightTest@d8948cd]" started-at="2026-04-12T22:50:35 IST" name="tearDown" finished-at="2026-04-12T22:50:35 IST" duration-ms="101" status="PASS">
          <reporter-output>
          </reporter-output>
        </test-method> <!-- tearDown -->
        <test-method is-config="true" signature="setUp()[pri:0, instance:tests.SocialAutoPostPlaywrightTest@d8948cd]" started-at="2026-04-12T22:50:35 IST" name="setUp" finished-at="2026-04-12T22:50:41 IST" duration-ms="5736" status="PASS">
          <reporter-output>
          </reporter-output>
        </test-method> <!-- setUp -->
        <test-method signature="test_TC_SAP_06_whenPostedOnAllSocialMediaWithNoneOption()[pri:6, instance:tests.SocialAutoPostPlaywrightTest@d8948cd]" started-at="2026-04-12T22:50:41 IST" name="test_TC_SAP_06_whenPostedOnAllSocialMediaWithNoneOption" finished-at="2026-04-12T22:50:56 IST" duration-ms="14677" status="PASS">
          <reporter-output>
          </reporter-output>
        </test-method> <!-- test_TC_SAP_06_whenPostedOnAllSocialMediaWithNoneOption -->
        <test-method is-config="true" signature="tearDown()[pri:0, instance:tests.SocialAutoPostPlaywrightTest@d8948cd]" started-at="2026-04-12T22:50:56 IST" name="tearDown" finished-at="2026-04-12T22:50:56 IST" duration-ms="181" status="PASS">
          <reporter-output>
          </reporter-output>
        </test-method> <!-- tearDown -->
        <test-method is-config="true" signature="setUp()[pri:0, instance:tests.SocialAutoPostPlaywrightTest@d8948cd]" started-at="2026-04-12T22:50:56 IST" name="setUp" finished-at="2026-04-12T22:51:01 IST" duration-ms="5410" status="PASS">
          <reporter-output>
          </reporter-output>
        </test-method> <!-- setUp -->
        <test-method signature="test_TC_SAP_07_whenPostedOnAllSocialMediaWithMicrositeURL()[pri:7, instance:tests.SocialAutoPostPlaywrightTest@d8948cd]" started-at="2026-04-12T22:51:01 IST" name="test_TC_SAP_07_whenPostedOnAllSocialMediaWithMicrositeURL" finished-at="2026-04-12T22:51:16 IST" duration-ms="14744" status="PASS">
          <reporter-output>
          </reporter-output>
        </test-method> <!-- test_TC_SAP_07_whenPostedOnAllSocialMediaWithMicrositeURL -->
        <test-method is-config="true" signature="tearDown()[pri:0, instance:tests.SocialAutoPostPlaywrightTest@d8948cd]" started-at="2026-04-12T22:51:16 IST" name="tearDown" finished-at="2026-04-12T22:51:16 IST" duration-ms="164" status="PASS">
          <reporter-output>
          </reporter-output>
        </test-method> <!-- tearDown -->
        <test-method is-config="true" signature="closeAll()[pri:0, instance:tests.SocialAutoPostPlaywrightTest@d8948cd]" started-at="2026-04-12T22:51:17 IST" name="closeAll" finished-at="2026-04-12T22:51:17 IST" duration-ms="562" status="PASS">
          <reporter-output>
          </reporter-output>
        </test-method> <!-- closeAll -->
      </class> <!-- tests.SocialAutoPostPlaywrightTest -->
    </test> <!-- Default test -->
  </suite> <!-- Default suite -->
</testng-results>
