<?xml version="1.0" encoding="UTF-8"?>
<!-- Generated by org.testng.reporters.JUnitReportReporter -->
<testsuite hostname="RraghavVohra09" failures="0" tests="18" name="tests.PushNotificationTestImproved" time="436.561" errors="17" timestamp="2026-03-21T18:46:01 IST" skipped="0">
  <testcase classname="tests.PushNotificationTestImproved" name="test_TC_PN_01_takenToPushNotificationsScreen" time="15.662"/>
  <testcase classname="tests.PushNotificationTestImproved" name="test_TC_PN_04_takentoCreateAppNotificationScreen" time="18.784">
    <error message="Error {
  message=&#039;Error: strict mode violation: locator(&quot;//a/span[text()=&#039;Create App Notification&#039;]&quot;) resolved to 2 elements:
    1) &lt;span class=&quot;m-2&quot;&gt;Create App Notification&lt;/span&gt; aka locator(&quot;a&quot;).filter(new Locator.FilterOptions().setHasText(&quot;Create App Notification&quot;)).first()
    2) &lt;span class=&quot;m-2&quot;&gt;Create App Notification&lt;/span&gt; aka locator(&quot;a&quot;).filter(new Locator.FilterOptions().setHasText(&quot;Create App Notification&quot;)).nth(1)

  name=&#039;Error
  stack=&#039;Error: Error: strict mode violation: locator(&quot;//a/span[text()=&#039;Create App Notification&#039;]&quot;) resolved to 2 elements:
    1) &lt;span class=&quot;m-2&quot;&gt;Create App Notification&lt;/span&gt; aka locator(&quot;a&quot;).filter(new Locator.FilterOptions().setHasText(&quot;Create App Notification&quot;)).first()
    2) &lt;span class=&quot;m-2&quot;&gt;Create App Notification&lt;/span&gt; aka locator(&quot;a&quot;).filter(new Locator.FilterOptions().setHasText(&quot;Create App Notification&quot;)).nth(1)

    at CRExecutionContext.evaluateWithArguments (C:\Users\admin\AppData\Local\Temp\playwright-java-13948002081828408401\package\lib\server\chromium\crExecutionContext.js:92:33)
    at async LongStandingScope._race (C:\Users\admin\AppData\Local\Temp\playwright-java-13948002081828408401\package\lib\utils\manualPromise.js:96:14)
    at async evaluateExpression (C:\Users\admin\AppData\Local\Temp\playwright-java-13948002081828408401\package\lib\server\javascript.js:241:12)
    at async C:\Users\admin\AppData\Local\Temp\playwright-java-13948002081828408401\package\lib\server\frames.js:953:22
    at async Frame.retryWithProgressAndTimeouts (C:\Users\admin\AppData\Local\Temp\playwright-java-13948002081828408401\package\lib\server\frames.js:923:24)
    at async C:\Users\admin\AppData\Local\Temp\playwright-java-13948002081828408401\package\lib\server\frames.js:1008:29
    at async ProgressController.run (C:\Users\admin\AppData\Local\Temp\playwright-java-13948002081828408401\package\lib\server\progress.js:82:22)
    at async FrameDispatcher.click (C:\Users\admin\AppData\Local\Temp\playwright-java-13948002081828408401\package\lib\server\dispatchers\frameDispatcher.js:158:12)
    at async LongStandingScope._race (C:\Users\admin\AppData\Local\Temp\playwright-java-13948002081828408401\package\lib\utils\manualPromise.js:96:14)
    at async FrameDispatcher._handleCommand (C:\Users\admin\AppData\Local\Temp\playwright-java-13948002081828408401\package\lib\server\dispatchers\dispatcher.js:96:14)
}
Call log:
- waiting for locator(&quot;//a/span[text()=&#039;Create App Notification&#039;]&quot;)
" type="com.microsoft.playwright.PlaywrightException">
      <![CDATA[com.microsoft.playwright.PlaywrightException: Error {
  message='Error: strict mode violation: locator("//a/span[text()='Create App Notification']") resolved to 2 elements:
    1) <span class="m-2">Create App Notification</span> aka locator("a").filter(new Locator.FilterOptions().setHasText("Create App Notification")).first()
    2) <span class="m-2">Create App Notification</span> aka locator("a").filter(new Locator.FilterOptions().setHasText("Create App Notification")).nth(1)

  name='Error
  stack='Error: Error: strict mode violation: locator("//a/span[text()='Create App Notification']") resolved to 2 elements:
    1) <span class="m-2">Create App Notification</span> aka locator("a").filter(new Locator.FilterOptions().setHasText("Create App Notification")).first()
    2) <span class="m-2">Create App Notification</span> aka locator("a").filter(new Locator.FilterOptions().setHasText("Create App Notification")).nth(1)

    at CRExecutionContext.evaluateWithArguments (C:\Users\admin\AppData\Local\Temp\playwright-java-13948002081828408401\package\lib\server\chromium\crExecutionContext.js:92:33)
    at async LongStandingScope._race (C:\Users\admin\AppData\Local\Temp\playwright-java-13948002081828408401\package\lib\utils\manualPromise.js:96:14)
    at async evaluateExpression (C:\Users\admin\AppData\Local\Temp\playwright-java-13948002081828408401\package\lib\server\javascript.js:241:12)
    at async C:\Users\admin\AppData\Local\Temp\playwright-java-13948002081828408401\package\lib\server\frames.js:953:22
    at async Frame.retryWithProgressAndTimeouts (C:\Users\admin\AppData\Local\Temp\playwright-java-13948002081828408401\package\lib\server\frames.js:923:24)
    at async C:\Users\admin\AppData\Local\Temp\playwright-java-13948002081828408401\package\lib\server\frames.js:1008:29
    at async ProgressController.run (C:\Users\admin\AppData\Local\Temp\playwright-java-13948002081828408401\package\lib\server\progress.js:82:22)
    at async FrameDispatcher.click (C:\Users\admin\AppData\Local\Temp\playwright-java-13948002081828408401\package\lib\server\dispatchers\frameDispatcher.js:158:12)
    at async LongStandingScope._race (C:\Users\admin\AppData\Local\Temp\playwright-java-13948002081828408401\package\lib\utils\manualPromise.js:96:14)
    at async FrameDispatcher._handleCommand (C:\Users\admin\AppData\Local\Temp\playwright-java-13948002081828408401\package\lib\server\dispatchers\dispatcher.js:96:14)
}
Call log:
- waiting for locator("//a/span[text()='Create App Notification']")

at com.microsoft.playwright.impl.WaitableResult.get(WaitableResult.java:56)
at com.microsoft.playwright.impl.ChannelOwner.runUntil(ChannelOwner.java:120)
at com.microsoft.playwright.impl.Connection.sendMessage(Connection.java:130)
at com.microsoft.playwright.impl.ChannelOwner.sendMessage(ChannelOwner.java:106)
at com.microsoft.playwright.impl.FrameImpl.clickImpl(FrameImpl.java:252)
at com.microsoft.playwright.impl.FrameImpl.lambda$click$8(FrameImpl.java:243)
at com.microsoft.playwright.impl.LoggingSupport.lambda$withLogging$0(LoggingSupport.java:36)
at com.microsoft.playwright.impl.LoggingSupport.withLogging(LoggingSupport.java:47)
at com.microsoft.playwright.impl.ChannelOwner.withLogging(ChannelOwner.java:89)
at com.microsoft.playwright.impl.LoggingSupport.withLogging(LoggingSupport.java:35)
at com.microsoft.playwright.impl.FrameImpl.click(FrameImpl.java:243)
at com.microsoft.playwright.impl.LocatorImpl.click(LocatorImpl.java:160)
at com.microsoft.playwright.Locator.click(Locator.java:2468)
at pageObjects.PushNotificationPageImproved.openCreateNotification(PushNotificationPageImproved.java:120)
at tests.PushNotificationTestImproved.test_TC_PN_04_takentoCreateAppNotificationScreen(PushNotificationTestImproved.java:61)
at java.base/jdk.internal.reflect.DirectMethodHandleAccessor.invoke(DirectMethodHandleAccessor.java:103)
at java.base/java.lang.reflect.Method.invoke(Method.java:580)
at org.testng.internal.invokers.MethodInvocationHelper.invokeMethod(MethodInvocationHelper.java:139)
at org.testng.internal.invokers.TestInvoker.invokeMethod(TestInvoker.java:664)
at org.testng.internal.invokers.TestInvoker.invokeTestMethod(TestInvoker.java:228)
at org.testng.internal.invokers.MethodRunner.runInSequence(MethodRunner.java:63)
at org.testng.internal.invokers.TestInvoker$MethodInvocationAgent.invoke(TestInvoker.java:961)
at org.testng.internal.invokers.TestInvoker.invokeTestMethods(TestInvoker.java:201)
at org.testng.internal.invokers.TestMethodWorker.invokeTestMethods(TestMethodWorker.java:148)
at org.testng.internal.invokers.TestMethodWorker.run(TestMethodWorker.java:128)
at java.base/java.util.ArrayList.forEach(ArrayList.java:1597)
at org.testng.TestRunner.privateRun(TestRunner.java:819)
at org.testng.TestRunner.run(TestRunner.java:619)
at org.testng.SuiteRunner.runTest(SuiteRunner.java:443)
at org.testng.SuiteRunner.runSequentially(SuiteRunner.java:437)
at org.testng.SuiteRunner.privateRun(SuiteRunner.java:397)
at org.testng.SuiteRunner.run(SuiteRunner.java:336)
at org.testng.SuiteRunnerWorker.runSuite(SuiteRunnerWorker.java:52)
at org.testng.SuiteRunnerWorker.run(SuiteRunnerWorker.java:95)
at org.testng.TestNG.runSuitesSequentially(TestNG.java:1301)
at org.testng.TestNG.runSuitesLocally(TestNG.java:1228)
at org.testng.TestNG.runSuites(TestNG.java:1134)
at org.testng.TestNG.run(TestNG.java:1101)
at org.testng.remote.AbstractRemoteTestNG.run(AbstractRemoteTestNG.java:115)
at org.testng.remote.RemoteTestNG.initAndRun(RemoteTestNG.java:293)
at org.testng.remote.RemoteTestNG.main(RemoteTestNG.java:91)
Caused by: com.microsoft.playwright.impl.DriverException: Error {
  message='Error: strict mode violation: locator("//a/span[text()='Create App Notification']") resolved to 2 elements:
    1) <span class="m-2">Create App Notification</span> aka locator("a").filter(new Locator.FilterOptions().setHasText("Create App Notification")).first()
    2) <span class="m-2">Create App Notification</span> aka locator("a").filter(new Locator.FilterOptions().setHasText("Create App Notification")).nth(1)

  name='Error
  stack='Error: Error: strict mode violation: locator("//a/span[text()='Create App Notification']") resolved to 2 elements:
    1) <span class="m-2">Create App Notification</span> aka locator("a").filter(new Locator.FilterOptions().setHasText("Create App Notification")).first()
    2) <span class="m-2">Create App Notification</span> aka locator("a").filter(new Locator.FilterOptions().setHasText("Create App Notification")).nth(1)

    at CRExecutionContext.evaluateWithArguments (C:\Users\admin\AppData\Local\Temp\playwright-java-13948002081828408401\package\lib\server\chromium\crExecutionContext.js:92:33)
    at async LongStandingScope._race (C:\Users\admin\AppData\Local\Temp\playwright-java-13948002081828408401\package\lib\utils\manualPromise.js:96:14)
    at async evaluateExpression (C:\Users\admin\AppData\Local\Temp\playwright-java-13948002081828408401\package\lib\server\javascript.js:241:12)
    at async C:\Users\admin\AppData\Local\Temp\playwright-java-13948002081828408401\package\lib\server\frames.js:953:22
    at async Frame.retryWithProgressAndTimeouts (C:\Users\admin\AppData\Local\Temp\playwright-java-13948002081828408401\package\lib\server\frames.js:923:24)
    at async C:\Users\admin\AppData\Local\Temp\playwright-java-13948002081828408401\package\lib\server\frames.js:1008:29
    at async ProgressController.run (C:\Users\admin\AppData\Local\Temp\playwright-java-13948002081828408401\package\lib\server\progress.js:82:22)
    at async FrameDispatcher.click (C:\Users\admin\AppData\Local\Temp\playwright-java-13948002081828408401\package\lib\server\dispatchers\frameDispatcher.js:158:12)
    at async LongStandingScope._race (C:\Users\admin\AppData\Local\Temp\playwright-java-13948002081828408401\package\lib\utils\manualPromise.js:96:14)
    at async FrameDispatcher._handleCommand (C:\Users\admin\AppData\Local\Temp\playwright-java-13948002081828408401\package\lib\server\dispatchers\dispatcher.js:96:14)
}
Call log:
- waiting for locator("//a/span[text()='Create App Notification']")

at com.microsoft.playwright.impl.Connection.dispatch(Connection.java:259)
at com.microsoft.playwright.impl.Connection.processOneMessage(Connection.java:211)
at com.microsoft.playwright.impl.ChannelOwner.runUntil(ChannelOwner.java:118)
... 39 more
]]>
    </error>
  </testcase> <!-- test_TC_PN_04_takentoCreateAppNotificationScreen -->
  <testcase classname="tests.PushNotificationTestImproved" name="test_TC_PN_07_fillsAllFieldsExceptNotificationName" time="15.967">
    <error message="Error {
  message=&#039;Error: strict mode violation: locator(&quot;//a/span[text()=&#039;Create App Notification&#039;]&quot;) resolved to 2 elements:
    1) &lt;span class=&quot;m-2&quot;&gt;Create App Notification&lt;/span&gt; aka locator(&quot;a&quot;).filter(new Locator.FilterOptions().setHasText(&quot;Create App Notification&quot;)).first()
    2) &lt;span class=&quot;m-2&quot;&gt;Create App Notification&lt;/span&gt; aka locator(&quot;a&quot;).filter(new Locator.FilterOptions().setHasText(&quot;Create App Notification&quot;)).nth(1)

  name=&#039;Error
  stack=&#039;Error: Error: strict mode violation: locator(&quot;//a/span[text()=&#039;Create App Notification&#039;]&quot;) resolved to 2 elements:
    1) &lt;span class=&quot;m-2&quot;&gt;Create App Notification&lt;/span&gt; aka locator(&quot;a&quot;).filter(new Locator.FilterOptions().setHasText(&quot;Create App Notification&quot;)).first()
    2) &lt;span class=&quot;m-2&quot;&gt;Create App Notification&lt;/span&gt; aka locator(&quot;a&quot;).filter(new Locator.FilterOptions().setHasText(&quot;Create App Notification&quot;)).nth(1)

    at CRExecutionContext.evaluateWithArguments (C:\Users\admin\AppData\Local\Temp\playwright-java-13948002081828408401\package\lib\server\chromium\crExecutionContext.js:92:33)
    at async LongStandingScope._race (C:\Users\admin\AppData\Local\Temp\playwright-java-13948002081828408401\package\lib\utils\manualPromise.js:96:14)
    at async evaluateExpression (C:\Users\admin\AppData\Local\Temp\playwright-java-13948002081828408401\package\lib\server\javascript.js:241:12)
    at async C:\Users\admin\AppData\Local\Temp\playwright-java-13948002081828408401\package\lib\server\frames.js:953:22
    at async Frame.retryWithProgressAndTimeouts (C:\Users\admin\AppData\Local\Temp\playwright-java-13948002081828408401\package\lib\server\frames.js:923:24)
    at async C:\Users\admin\AppData\Local\Temp\playwright-java-13948002081828408401\package\lib\server\frames.js:1008:29
    at async ProgressController.run (C:\Users\admin\AppData\Local\Temp\playwright-java-13948002081828408401\package\lib\server\progress.js:82:22)
    at async FrameDispatcher.click (C:\Users\admin\AppData\Local\Temp\playwright-java-13948002081828408401\package\lib\server\dispatchers\frameDispatcher.js:158:12)
    at async LongStandingScope._race (C:\Users\admin\AppData\Local\Temp\playwright-java-13948002081828408401\package\lib\utils\manualPromise.js:96:14)
    at async FrameDispatcher._handleCommand (C:\Users\admin\AppData\Local\Temp\playwright-java-13948002081828408401\package\lib\server\dispatchers\dispatcher.js:96:14)
}
Call log:
- waiting for locator(&quot;//a/span[text()=&#039;Create App Notification&#039;]&quot;)
" type="com.microsoft.playwright.PlaywrightException">
      <![CDATA[com.microsoft.playwright.PlaywrightException: Error {
  message='Error: strict mode violation: locator("//a/span[text()='Create App Notification']") resolved to 2 elements:
    1) <span class="m-2">Create App Notification</span> aka locator("a").filter(new Locator.FilterOptions().setHasText("Create App Notification")).first()
    2) <span class="m-2">Create App Notification</span> aka locator("a").filter(new Locator.FilterOptions().setHasText("Create App Notification")).nth(1)

  name='Error
  stack='Error: Error: strict mode violation: locator("//a/span[text()='Create App Notification']") resolved to 2 elements:
    1) <span class="m-2">Create App Notification</span> aka locator("a").filter(new Locator.FilterOptions().setHasText("Create App Notification")).first()
    2) <span class="m-2">Create App Notification</span> aka locator("a").filter(new Locator.FilterOptions().setHasText("Create App Notification")).nth(1)

    at CRExecutionContext.evaluateWithArguments (C:\Users\admin\AppData\Local\Temp\playwright-java-13948002081828408401\package\lib\server\chromium\crExecutionContext.js:92:33)
    at async LongStandingScope._race (C:\Users\admin\AppData\Local\Temp\playwright-java-13948002081828408401\package\lib\utils\manualPromise.js:96:14)
    at async evaluateExpression (C:\Users\admin\AppData\Local\Temp\playwright-java-13948002081828408401\package\lib\server\javascript.js:241:12)
    at async C:\Users\admin\AppData\Local\Temp\playwright-java-13948002081828408401\package\lib\server\frames.js:953:22
    at async Frame.retryWithProgressAndTimeouts (C:\Users\admin\AppData\Local\Temp\playwright-java-13948002081828408401\package\lib\server\frames.js:923:24)
    at async C:\Users\admin\AppData\Local\Temp\playwright-java-13948002081828408401\package\lib\server\frames.js:1008:29
    at async ProgressController.run (C:\Users\admin\AppData\Local\Temp\playwright-java-13948002081828408401\package\lib\server\progress.js:82:22)
    at async FrameDispatcher.click (C:\Users\admin\AppData\Local\Temp\playwright-java-13948002081828408401\package\lib\server\dispatchers\frameDispatcher.js:158:12)
    at async LongStandingScope._race (C:\Users\admin\AppData\Local\Temp\playwright-java-13948002081828408401\package\lib\utils\manualPromise.js:96:14)
    at async FrameDispatcher._handleCommand (C:\Users\admin\AppData\Local\Temp\playwright-java-13948002081828408401\package\lib\server\dispatchers\dispatcher.js:96:14)
}
Call log:
- waiting for locator("//a/span[text()='Create App Notification']")

at com.microsoft.playwright.impl.WaitableResult.get(WaitableResult.java:56)
at com.microsoft.playwright.impl.ChannelOwner.runUntil(ChannelOwner.java:120)
at com.microsoft.playwright.impl.Connection.sendMessage(Connection.java:130)
at com.microsoft.playwright.impl.ChannelOwner.sendMessage(ChannelOwner.java:106)
at com.microsoft.playwright.impl.FrameImpl.clickImpl(FrameImpl.java:252)
at com.microsoft.playwright.impl.FrameImpl.lambda$click$8(FrameImpl.java:243)
at com.microsoft.playwright.impl.LoggingSupport.lambda$withLogging$0(LoggingSupport.java:36)
at com.microsoft.playwright.impl.LoggingSupport.withLogging(LoggingSupport.java:47)
at com.microsoft.playwright.impl.ChannelOwner.withLogging(ChannelOwner.java:89)
at com.microsoft.playwright.impl.LoggingSupport.withLogging(LoggingSupport.java:35)
at com.microsoft.playwright.impl.FrameImpl.click(FrameImpl.java:243)
at com.microsoft.playwright.impl.LocatorImpl.click(LocatorImpl.java:160)
at com.microsoft.playwright.Locator.click(Locator.java:2468)
at pageObjects.PushNotificationPageImproved.openCreateNotification(PushNotificationPageImproved.java:120)
at tests.PushNotificationTestImproved.test_TC_PN_07_fillsAllFieldsExceptNotificationName(PushNotificationTestImproved.java:70)
at java.base/jdk.internal.reflect.DirectMethodHandleAccessor.invoke(DirectMethodHandleAccessor.java:103)
at java.base/java.lang.reflect.Method.invoke(Method.java:580)
at org.testng.internal.invokers.MethodInvocationHelper.invokeMethod(MethodInvocationHelper.java:139)
at org.testng.internal.invokers.TestInvoker.invokeMethod(TestInvoker.java:664)
at org.testng.internal.invokers.TestInvoker.invokeTestMethod(TestInvoker.java:228)
at org.testng.internal.invokers.MethodRunner.runInSequence(MethodRunner.java:63)
at org.testng.internal.invokers.TestInvoker$MethodInvocationAgent.invoke(TestInvoker.java:961)
at org.testng.internal.invokers.TestInvoker.invokeTestMethods(TestInvoker.java:201)
at org.testng.internal.invokers.TestMethodWorker.invokeTestMethods(TestMethodWorker.java:148)
at org.testng.internal.invokers.TestMethodWorker.run(TestMethodWorker.java:128)
at java.base/java.util.ArrayList.forEach(ArrayList.java:1597)
at org.testng.TestRunner.privateRun(TestRunner.java:819)
at org.testng.TestRunner.run(TestRunner.java:619)
at org.testng.SuiteRunner.runTest(SuiteRunner.java:443)
at org.testng.SuiteRunner.runSequentially(SuiteRunner.java:437)
at org.testng.SuiteRunner.privateRun(SuiteRunner.java:397)
at org.testng.SuiteRunner.run(SuiteRunner.java:336)
at org.testng.SuiteRunnerWorker.runSuite(SuiteRunnerWorker.java:52)
at org.testng.SuiteRunnerWorker.run(SuiteRunnerWorker.java:95)
at org.testng.TestNG.runSuitesSequentially(TestNG.java:1301)
at org.testng.TestNG.runSuitesLocally(TestNG.java:1228)
at org.testng.TestNG.runSuites(TestNG.java:1134)
at org.testng.TestNG.run(TestNG.java:1101)
at org.testng.remote.AbstractRemoteTestNG.run(AbstractRemoteTestNG.java:115)
at org.testng.remote.RemoteTestNG.initAndRun(RemoteTestNG.java:293)
at org.testng.remote.RemoteTestNG.main(RemoteTestNG.java:91)
Caused by: com.microsoft.playwright.impl.DriverException: Error {
  message='Error: strict mode violation: locator("//a/span[text()='Create App Notification']") resolved to 2 elements:
    1) <span class="m-2">Create App Notification</span> aka locator("a").filter(new Locator.FilterOptions().setHasText("Create App Notification")).first()
    2) <span class="m-2">Create App Notification</span> aka locator("a").filter(new Locator.FilterOptions().setHasText("Create App Notification")).nth(1)

  name='Error
  stack='Error: Error: strict mode violation: locator("//a/span[text()='Create App Notification']") resolved to 2 elements:
    1) <span class="m-2">Create App Notification</span> aka locator("a").filter(new Locator.FilterOptions().setHasText("Create App Notification")).first()
    2) <span class="m-2">Create App Notification</span> aka locator("a").filter(new Locator.FilterOptions().setHasText("Create App Notification")).nth(1)

    at CRExecutionContext.evaluateWithArguments (C:\Users\admin\AppData\Local\Temp\playwright-java-13948002081828408401\package\lib\server\chromium\crExecutionContext.js:92:33)
    at async LongStandingScope._race (C:\Users\admin\AppData\Local\Temp\playwright-java-13948002081828408401\package\lib\utils\manualPromise.js:96:14)
    at async evaluateExpression (C:\Users\admin\AppData\Local\Temp\playwright-java-13948002081828408401\package\lib\server\javascript.js:241:12)
    at async C:\Users\admin\AppData\Local\Temp\playwright-java-13948002081828408401\package\lib\server\frames.js:953:22
    at async Frame.retryWithProgressAndTimeouts (C:\Users\admin\AppData\Local\Temp\playwright-java-13948002081828408401\package\lib\server\frames.js:923:24)
    at async C:\Users\admin\AppData\Local\Temp\playwright-java-13948002081828408401\package\lib\server\frames.js:1008:29
    at async ProgressController.run (C:\Users\admin\AppData\Local\Temp\playwright-java-13948002081828408401\package\lib\server\progress.js:82:22)
    at async FrameDispatcher.click (C:\Users\admin\AppData\Local\Temp\playwright-java-13948002081828408401\package\lib\server\dispatchers\frameDispatcher.js:158:12)
    at async LongStandingScope._race (C:\Users\admin\AppData\Local\Temp\playwright-java-13948002081828408401\package\lib\utils\manualPromise.js:96:14)
    at async FrameDispatcher._handleCommand (C:\Users\admin\AppData\Local\Temp\playwright-java-13948002081828408401\package\lib\server\dispatchers\dispatcher.js:96:14)
}
Call log:
- waiting for locator("//a/span[text()='Create App Notification']")

at com.microsoft.playwright.impl.Connection.dispatch(Connection.java:259)
at com.microsoft.playwright.impl.Connection.processOneMessage(Connection.java:211)
at com.microsoft.playwright.impl.ChannelOwner.runUntil(ChannelOwner.java:118)
... 39 more
]]>
    </error>
  </testcase> <!-- test_TC_PN_07_fillsAllFieldsExceptNotificationName -->
  <testcase classname="tests.PushNotificationTestImproved" name="test_TC_PN_08_fillsAllFieldsExceptNotificationMessage" time="36.357">
    <error message="Error {
  message=&#039;Error: strict mode violation: locator(&quot;//a/span[text()=&#039;Create App Notification&#039;]&quot;) resolved to 2 elements:
    1) &lt;span class=&quot;m-2&quot;&gt;Create App Notification&lt;/span&gt; aka locator(&quot;a&quot;).filter(new Locator.FilterOptions().setHasText(&quot;Create App Notification&quot;)).first()
    2) &lt;span class=&quot;m-2&quot;&gt;Create App Notification&lt;/span&gt; aka locator(&quot;a&quot;).filter(new Locator.FilterOptions().setHasText(&quot;Create App Notification&quot;)).nth(1)

  name=&#039;Error
  stack=&#039;Error: Error: strict mode violation: locator(&quot;//a/span[text()=&#039;Create App Notification&#039;]&quot;) resolved to 2 elements:
    1) &lt;span class=&quot;m-2&quot;&gt;Create App Notification&lt;/span&gt; aka locator(&quot;a&quot;).filter(new Locator.FilterOptions().setHasText(&quot;Create App Notification&quot;)).first()
    2) &lt;span class=&quot;m-2&quot;&gt;Create App Notification&lt;/span&gt; aka locator(&quot;a&quot;).filter(new Locator.FilterOptions().setHasText(&quot;Create App Notification&quot;)).nth(1)

    at CRExecutionContext.evaluateWithArguments (C:\Users\admin\AppData\Local\Temp\playwright-java-13948002081828408401\package\lib\server\chromium\crExecutionContext.js:92:33)
    at async LongStandingScope._race (C:\Users\admin\AppData\Local\Temp\playwright-java-13948002081828408401\package\lib\utils\manualPromise.js:96:14)
    at async evaluateExpression (C:\Users\admin\AppData\Local\Temp\playwright-java-13948002081828408401\package\lib\server\javascript.js:241:12)
    at async C:\Users\admin\AppData\Local\Temp\playwright-java-13948002081828408401\package\lib\server\frames.js:953:22
    at async Frame.retryWithProgressAndTimeouts (C:\Users\admin\AppData\Local\Temp\playwright-java-13948002081828408401\package\lib\server\frames.js:923:24)
    at async C:\Users\admin\AppData\Local\Temp\playwright-java-13948002081828408401\package\lib\server\frames.js:1008:29
    at async ProgressController.run (C:\Users\admin\AppData\Local\Temp\playwright-java-13948002081828408401\package\lib\server\progress.js:82:22)
    at async FrameDispatcher.click (C:\Users\admin\AppData\Local\Temp\playwright-java-13948002081828408401\package\lib\server\dispatchers\frameDispatcher.js:158:12)
    at async LongStandingScope._race (C:\Users\admin\AppData\Local\Temp\playwright-java-13948002081828408401\package\lib\utils\manualPromise.js:96:14)
    at async FrameDispatcher._handleCommand (C:\Users\admin\AppData\Local\Temp\playwright-java-13948002081828408401\package\lib\server\dispatchers\dispatcher.js:96:14)
}
Call log:
- waiting for locator(&quot;//a/span[text()=&#039;Create App Notification&#039;]&quot;)
" type="com.microsoft.playwright.PlaywrightException">
      <![CDATA[com.microsoft.playwright.PlaywrightException: Error {
  message='Error: strict mode violation: locator("//a/span[text()='Create App Notification']") resolved to 2 elements:
    1) <span class="m-2">Create App Notification</span> aka locator("a").filter(new Locator.FilterOptions().setHasText("Create App Notification")).first()
    2) <span class="m-2">Create App Notification</span> aka locator("a").filter(new Locator.FilterOptions().setHasText("Create App Notification")).nth(1)

  name='Error
  stack='Error: Error: strict mode violation: locator("//a/span[text()='Create App Notification']") resolved to 2 elements:
    1) <span class="m-2">Create App Notification</span> aka locator("a").filter(new Locator.FilterOptions().setHasText("Create App Notification")).first()
    2) <span class="m-2">Create App Notification</span> aka locator("a").filter(new Locator.FilterOptions().setHasText("Create App Notification")).nth(1)

    at CRExecutionContext.evaluateWithArguments (C:\Users\admin\AppData\Local\Temp\playwright-java-13948002081828408401\package\lib\server\chromium\crExecutionContext.js:92:33)
    at async LongStandingScope._race (C:\Users\admin\AppData\Local\Temp\playwright-java-13948002081828408401\package\lib\utils\manualPromise.js:96:14)
    at async evaluateExpression (C:\Users\admin\AppData\Local\Temp\playwright-java-13948002081828408401\package\lib\server\javascript.js:241:12)
    at async C:\Users\admin\AppData\Local\Temp\playwright-java-13948002081828408401\package\lib\server\frames.js:953:22
    at async Frame.retryWithProgressAndTimeouts (C:\Users\admin\AppData\Local\Temp\playwright-java-13948002081828408401\package\lib\server\frames.js:923:24)
    at async C:\Users\admin\AppData\Local\Temp\playwright-java-13948002081828408401\package\lib\server\frames.js:1008:29
    at async ProgressController.run (C:\Users\admin\AppData\Local\Temp\playwright-java-13948002081828408401\package\lib\server\progress.js:82:22)
    at async FrameDispatcher.click (C:\Users\admin\AppData\Local\Temp\playwright-java-13948002081828408401\package\lib\server\dispatchers\frameDispatcher.js:158:12)
    at async LongStandingScope._race (C:\Users\admin\AppData\Local\Temp\playwright-java-13948002081828408401\package\lib\utils\manualPromise.js:96:14)
    at async FrameDispatcher._handleCommand (C:\Users\admin\AppData\Local\Temp\playwright-java-13948002081828408401\package\lib\server\dispatchers\dispatcher.js:96:14)
}
Call log:
- waiting for locator("//a/span[text()='Create App Notification']")

at com.microsoft.playwright.impl.WaitableResult.get(WaitableResult.java:56)
at com.microsoft.playwright.impl.ChannelOwner.runUntil(ChannelOwner.java:120)
at com.microsoft.playwright.impl.Connection.sendMessage(Connection.java:130)
at com.microsoft.playwright.impl.ChannelOwner.sendMessage(ChannelOwner.java:106)
at com.microsoft.playwright.impl.FrameImpl.clickImpl(FrameImpl.java:252)
at com.microsoft.playwright.impl.FrameImpl.lambda$click$8(FrameImpl.java:243)
at com.microsoft.playwright.impl.LoggingSupport.lambda$withLogging$0(LoggingSupport.java:36)
at com.microsoft.playwright.impl.LoggingSupport.withLogging(LoggingSupport.java:47)
at com.microsoft.playwright.impl.ChannelOwner.withLogging(ChannelOwner.java:89)
at com.microsoft.playwright.impl.LoggingSupport.withLogging(LoggingSupport.java:35)
at com.microsoft.playwright.impl.FrameImpl.click(FrameImpl.java:243)
at com.microsoft.playwright.impl.LocatorImpl.click(LocatorImpl.java:160)
at com.microsoft.playwright.Locator.click(Locator.java:2468)
at pageObjects.PushNotificationPageImproved.openCreateNotification(PushNotificationPageImproved.java:120)
at tests.PushNotificationTestImproved.test_TC_PN_08_fillsAllFieldsExceptNotificationMessage(PushNotificationTestImproved.java:99)
at java.base/jdk.internal.reflect.DirectMethodHandleAccessor.invoke(DirectMethodHandleAccessor.java:103)
at java.base/java.lang.reflect.Method.invoke(Method.java:580)
at org.testng.internal.invokers.MethodInvocationHelper.invokeMethod(MethodInvocationHelper.java:139)
at org.testng.internal.invokers.TestInvoker.invokeMethod(TestInvoker.java:664)
at org.testng.internal.invokers.TestInvoker.invokeTestMethod(TestInvoker.java:228)
at org.testng.internal.invokers.MethodRunner.runInSequence(MethodRunner.java:63)
at org.testng.internal.invokers.TestInvoker$MethodInvocationAgent.invoke(TestInvoker.java:961)
at org.testng.internal.invokers.TestInvoker.invokeTestMethods(TestInvoker.java:201)
at org.testng.internal.invokers.TestMethodWorker.invokeTestMethods(TestMethodWorker.java:148)
at org.testng.internal.invokers.TestMethodWorker.run(TestMethodWorker.java:128)
at java.base/java.util.ArrayList.forEach(ArrayList.java:1597)
at org.testng.TestRunner.privateRun(TestRunner.java:819)
at org.testng.TestRunner.run(TestRunner.java:619)
at org.testng.SuiteRunner.runTest(SuiteRunner.java:443)
at org.testng.SuiteRunner.runSequentially(SuiteRunner.java:437)
at org.testng.SuiteRunner.privateRun(SuiteRunner.java:397)
at org.testng.SuiteRunner.run(SuiteRunner.java:336)
at org.testng.SuiteRunnerWorker.runSuite(SuiteRunnerWorker.java:52)
at org.testng.SuiteRunnerWorker.run(SuiteRunnerWorker.java:95)
at org.testng.TestNG.runSuitesSequentially(TestNG.java:1301)
at org.testng.TestNG.runSuitesLocally(TestNG.java:1228)
at org.testng.TestNG.runSuites(TestNG.java:1134)
at org.testng.TestNG.run(TestNG.java:1101)
at org.testng.remote.AbstractRemoteTestNG.run(AbstractRemoteTestNG.java:115)
at org.testng.remote.RemoteTestNG.initAndRun(RemoteTestNG.java:293)
at org.testng.remote.RemoteTestNG.main(RemoteTestNG.java:91)
Caused by: com.microsoft.playwright.impl.DriverException: Error {
  message='Error: strict mode violation: locator("//a/span[text()='Create App Notification']") resolved to 2 elements:
    1) <span class="m-2">Create App Notification</span> aka locator("a").filter(new Locator.FilterOptions().setHasText("Create App Notification")).first()
    2) <span class="m-2">Create App Notification</span> aka locator("a").filter(new Locator.FilterOptions().setHasText("Create App Notification")).nth(1)

  name='Error
  stack='Error: Error: strict mode violation: locator("//a/span[text()='Create App Notification']") resolved to 2 elements:
    1) <span class="m-2">Create App Notification</span> aka locator("a").filter(new Locator.FilterOptions().setHasText("Create App Notification")).first()
    2) <span class="m-2">Create App Notification</span> aka locator("a").filter(new Locator.FilterOptions().setHasText("Create App Notification")).nth(1)

    at CRExecutionContext.evaluateWithArguments (C:\Users\admin\AppData\Local\Temp\playwright-java-13948002081828408401\package\lib\server\chromium\crExecutionContext.js:92:33)
    at async LongStandingScope._race (C:\Users\admin\AppData\Local\Temp\playwright-java-13948002081828408401\package\lib\utils\manualPromise.js:96:14)
    at async evaluateExpression (C:\Users\admin\AppData\Local\Temp\playwright-java-13948002081828408401\package\lib\server\javascript.js:241:12)
    at async C:\Users\admin\AppData\Local\Temp\playwright-java-13948002081828408401\package\lib\server\frames.js:953:22
    at async Frame.retryWithProgressAndTimeouts (C:\Users\admin\AppData\Local\Temp\playwright-java-13948002081828408401\package\lib\server\frames.js:923:24)
    at async C:\Users\admin\AppData\Local\Temp\playwright-java-13948002081828408401\package\lib\server\frames.js:1008:29
    at async ProgressController.run (C:\Users\admin\AppData\Local\Temp\playwright-java-13948002081828408401\package\lib\server\progress.js:82:22)
    at async FrameDispatcher.click (C:\Users\admin\AppData\Local\Temp\playwright-java-13948002081828408401\package\lib\server\dispatchers\frameDispatcher.js:158:12)
    at async LongStandingScope._race (C:\Users\admin\AppData\Local\Temp\playwright-java-13948002081828408401\package\lib\utils\manualPromise.js:96:14)
    at async FrameDispatcher._handleCommand (C:\Users\admin\AppData\Local\Temp\playwright-java-13948002081828408401\package\lib\server\dispatchers\dispatcher.js:96:14)
}
Call log:
- waiting for locator("//a/span[text()='Create App Notification']")

at com.microsoft.playwright.impl.Connection.dispatch(Connection.java:259)
at com.microsoft.playwright.impl.Connection.processOneMessage(Connection.java:211)
at com.microsoft.playwright.impl.ChannelOwner.runUntil(ChannelOwner.java:118)
... 39 more
]]>
    </error>
  </testcase> <!-- test_TC_PN_08_fillsAllFieldsExceptNotificationMessage -->
  <testcase classname="tests.PushNotificationTestImproved" name="test_TC_PN_017_missingCategoryField" time="17.177">
    <error message="Error {
  message=&#039;Error: strict mode violation: locator(&quot;//a/span[text()=&#039;Create App Notification&#039;]&quot;) resolved to 2 elements:
    1) &lt;span class=&quot;m-2&quot;&gt;Create App Notification&lt;/span&gt; aka locator(&quot;a&quot;).filter(new Locator.FilterOptions().setHasText(&quot;Create App Notification&quot;)).first()
    2) &lt;span class=&quot;m-2&quot;&gt;Create App Notification&lt;/span&gt; aka locator(&quot;a&quot;).filter(new Locator.FilterOptions().setHasText(&quot;Create App Notification&quot;)).nth(1)

  name=&#039;Error
  stack=&#039;Error: Error: strict mode violation: locator(&quot;//a/span[text()=&#039;Create App Notification&#039;]&quot;) resolved to 2 elements:
    1) &lt;span class=&quot;m-2&quot;&gt;Create App Notification&lt;/span&gt; aka locator(&quot;a&quot;).filter(new Locator.FilterOptions().setHasText(&quot;Create App Notification&quot;)).first()
    2) &lt;span class=&quot;m-2&quot;&gt;Create App Notification&lt;/span&gt; aka locator(&quot;a&quot;).filter(new Locator.FilterOptions().setHasText(&quot;Create App Notification&quot;)).nth(1)

    at CRExecutionContext.evaluateWithArguments (C:\Users\admin\AppData\Local\Temp\playwright-java-13948002081828408401\package\lib\server\chromium\crExecutionContext.js:92:33)
    at async LongStandingScope._race (C:\Users\admin\AppData\Local\Temp\playwright-java-13948002081828408401\package\lib\utils\manualPromise.js:96:14)
    at async evaluateExpression (C:\Users\admin\AppData\Local\Temp\playwright-java-13948002081828408401\package\lib\server\javascript.js:241:12)
    at async C:\Users\admin\AppData\Local\Temp\playwright-java-13948002081828408401\package\lib\server\frames.js:953:22
    at async Frame.retryWithProgressAndTimeouts (C:\Users\admin\AppData\Local\Temp\playwright-java-13948002081828408401\package\lib\server\frames.js:923:24)
    at async C:\Users\admin\AppData\Local\Temp\playwright-java-13948002081828408401\package\lib\server\frames.js:1008:29
    at async ProgressController.run (C:\Users\admin\AppData\Local\Temp\playwright-java-13948002081828408401\package\lib\server\progress.js:82:22)
    at async FrameDispatcher.click (C:\Users\admin\AppData\Local\Temp\playwright-java-13948002081828408401\package\lib\server\dispatchers\frameDispatcher.js:158:12)
    at async LongStandingScope._race (C:\Users\admin\AppData\Local\Temp\playwright-java-13948002081828408401\package\lib\utils\manualPromise.js:96:14)
    at async FrameDispatcher._handleCommand (C:\Users\admin\AppData\Local\Temp\playwright-java-13948002081828408401\package\lib\server\dispatchers\dispatcher.js:96:14)
}
Call log:
- waiting for locator(&quot;//a/span[text()=&#039;Create App Notification&#039;]&quot;)
" type="com.microsoft.playwright.PlaywrightException">
      <![CDATA[com.microsoft.playwright.PlaywrightException: Error {
  message='Error: strict mode violation: locator("//a/span[text()='Create App Notification']") resolved to 2 elements:
    1) <span class="m-2">Create App Notification</span> aka locator("a").filter(new Locator.FilterOptions().setHasText("Create App Notification")).first()
    2) <span class="m-2">Create App Notification</span> aka locator("a").filter(new Locator.FilterOptions().setHasText("Create App Notification")).nth(1)

  name='Error
  stack='Error: Error: strict mode violation: locator("//a/span[text()='Create App Notification']") resolved to 2 elements:
    1) <span class="m-2">Create App Notification</span> aka locator("a").filter(new Locator.FilterOptions().setHasText("Create App Notification")).first()
    2) <span class="m-2">Create App Notification</span> aka locator("a").filter(new Locator.FilterOptions().setHasText("Create App Notification")).nth(1)

    at CRExecutionContext.evaluateWithArguments (C:\Users\admin\AppData\Local\Temp\playwright-java-13948002081828408401\package\lib\server\chromium\crExecutionContext.js:92:33)
    at async LongStandingScope._race (C:\Users\admin\AppData\Local\Temp\playwright-java-13948002081828408401\package\lib\utils\manualPromise.js:96:14)
    at async evaluateExpression (C:\Users\admin\AppData\Local\Temp\playwright-java-13948002081828408401\package\lib\server\javascript.js:241:12)
    at async C:\Users\admin\AppData\Local\Temp\playwright-java-13948002081828408401\package\lib\server\frames.js:953:22
    at async Frame.retryWithProgressAndTimeouts (C:\Users\admin\AppData\Local\Temp\playwright-java-13948002081828408401\package\lib\server\frames.js:923:24)
    at async C:\Users\admin\AppData\Local\Temp\playwright-java-13948002081828408401\package\lib\server\frames.js:1008:29
    at async ProgressController.run (C:\Users\admin\AppData\Local\Temp\playwright-java-13948002081828408401\package\lib\server\progress.js:82:22)
    at async FrameDispatcher.click (C:\Users\admin\AppData\Local\Temp\playwright-java-13948002081828408401\package\lib\server\dispatchers\frameDispatcher.js:158:12)
    at async LongStandingScope._race (C:\Users\admin\AppData\Local\Temp\playwright-java-13948002081828408401\package\lib\utils\manualPromise.js:96:14)
    at async FrameDispatcher._handleCommand (C:\Users\admin\AppData\Local\Temp\playwright-java-13948002081828408401\package\lib\server\dispatchers\dispatcher.js:96:14)
}
Call log:
- waiting for locator("//a/span[text()='Create App Notification']")

at com.microsoft.playwright.impl.WaitableResult.get(WaitableResult.java:56)
at com.microsoft.playwright.impl.ChannelOwner.runUntil(ChannelOwner.java:120)
at com.microsoft.playwright.impl.Connection.sendMessage(Connection.java:130)
at com.microsoft.playwright.impl.ChannelOwner.sendMessage(ChannelOwner.java:106)
at com.microsoft.playwright.impl.FrameImpl.clickImpl(FrameImpl.java:252)
at com.microsoft.playwright.impl.FrameImpl.lambda$click$8(FrameImpl.java:243)
at com.microsoft.playwright.impl.LoggingSupport.lambda$withLogging$0(LoggingSupport.java:36)
at com.microsoft.playwright.impl.LoggingSupport.withLogging(LoggingSupport.java:47)
at com.microsoft.playwright.impl.ChannelOwner.withLogging(ChannelOwner.java:89)
at com.microsoft.playwright.impl.LoggingSupport.withLogging(LoggingSupport.java:35)
at com.microsoft.playwright.impl.FrameImpl.click(FrameImpl.java:243)
at com.microsoft.playwright.impl.LocatorImpl.click(LocatorImpl.java:160)
at com.microsoft.playwright.Locator.click(Locator.java:2468)
at pageObjects.PushNotificationPageImproved.openCreateNotification(PushNotificationPageImproved.java:120)
at tests.PushNotificationTestImproved.test_TC_PN_017_missingCategoryField(PushNotificationTestImproved.java:130)
at java.base/jdk.internal.reflect.DirectMethodHandleAccessor.invoke(DirectMethodHandleAccessor.java:103)
at java.base/java.lang.reflect.Method.invoke(Method.java:580)
at org.testng.internal.invokers.MethodInvocationHelper.invokeMethod(MethodInvocationHelper.java:139)
at org.testng.internal.invokers.TestInvoker.invokeMethod(TestInvoker.java:664)
at org.testng.internal.invokers.TestInvoker.invokeTestMethod(TestInvoker.java:228)
at org.testng.internal.invokers.MethodRunner.runInSequence(MethodRunner.java:63)
at org.testng.internal.invokers.TestInvoker$MethodInvocationAgent.invoke(TestInvoker.java:961)
at org.testng.internal.invokers.TestInvoker.invokeTestMethods(TestInvoker.java:201)
at org.testng.internal.invokers.TestMethodWorker.invokeTestMethods(TestMethodWorker.java:148)
at org.testng.internal.invokers.TestMethodWorker.run(TestMethodWorker.java:128)
at java.base/java.util.ArrayList.forEach(ArrayList.java:1597)
at org.testng.TestRunner.privateRun(TestRunner.java:819)
at org.testng.TestRunner.run(TestRunner.java:619)
at org.testng.SuiteRunner.runTest(SuiteRunner.java:443)
at org.testng.SuiteRunner.runSequentially(SuiteRunner.java:437)
at org.testng.SuiteRunner.privateRun(SuiteRunner.java:397)
at org.testng.SuiteRunner.run(SuiteRunner.java:336)
at org.testng.SuiteRunnerWorker.runSuite(SuiteRunnerWorker.java:52)
at org.testng.SuiteRunnerWorker.run(SuiteRunnerWorker.java:95)
at org.testng.TestNG.runSuitesSequentially(TestNG.java:1301)
at org.testng.TestNG.runSuitesLocally(TestNG.java:1228)
at org.testng.TestNG.runSuites(TestNG.java:1134)
at org.testng.TestNG.run(TestNG.java:1101)
at org.testng.remote.AbstractRemoteTestNG.run(AbstractRemoteTestNG.java:115)
at org.testng.remote.RemoteTestNG.initAndRun(RemoteTestNG.java:293)
at org.testng.remote.RemoteTestNG.main(RemoteTestNG.java:91)
Caused by: com.microsoft.playwright.impl.DriverException: Error {
  message='Error: strict mode violation: locator("//a/span[text()='Create App Notification']") resolved to 2 elements:
    1) <span class="m-2">Create App Notification</span> aka locator("a").filter(new Locator.FilterOptions().setHasText("Create App Notification")).first()
    2) <span class="m-2">Create App Notification</span> aka locator("a").filter(new Locator.FilterOptions().setHasText("Create App Notification")).nth(1)

  name='Error
  stack='Error: Error: strict mode violation: locator("//a/span[text()='Create App Notification']") resolved to 2 elements:
    1) <span class="m-2">Create App Notification</span> aka locator("a").filter(new Locator.FilterOptions().setHasText("Create App Notification")).first()
    2) <span class="m-2">Create App Notification</span> aka locator("a").filter(new Locator.FilterOptions().setHasText("Create App Notification")).nth(1)

    at CRExecutionContext.evaluateWithArguments (C:\Users\admin\AppData\Local\Temp\playwright-java-13948002081828408401\package\lib\server\chromium\crExecutionContext.js:92:33)
    at async LongStandingScope._race (C:\Users\admin\AppData\Local\Temp\playwright-java-13948002081828408401\package\lib\utils\manualPromise.js:96:14)
    at async evaluateExpression (C:\Users\admin\AppData\Local\Temp\playwright-java-13948002081828408401\package\lib\server\javascript.js:241:12)
    at async C:\Users\admin\AppData\Local\Temp\playwright-java-13948002081828408401\package\lib\server\frames.js:953:22
    at async Frame.retryWithProgressAndTimeouts (C:\Users\admin\AppData\Local\Temp\playwright-java-13948002081828408401\package\lib\server\frames.js:923:24)
    at async C:\Users\admin\AppData\Local\Temp\playwright-java-13948002081828408401\package\lib\server\frames.js:1008:29
    at async ProgressController.run (C:\Users\admin\AppData\Local\Temp\playwright-java-13948002081828408401\package\lib\server\progress.js:82:22)
    at async FrameDispatcher.click (C:\Users\admin\AppData\Local\Temp\playwright-java-13948002081828408401\package\lib\server\dispatchers\frameDispatcher.js:158:12)
    at async LongStandingScope._race (C:\Users\admin\AppData\Local\Temp\playwright-java-13948002081828408401\package\lib\utils\manualPromise.js:96:14)
    at async FrameDispatcher._handleCommand (C:\Users\admin\AppData\Local\Temp\playwright-java-13948002081828408401\package\lib\server\dispatchers\dispatcher.js:96:14)
}
Call log:
- waiting for locator("//a/span[text()='Create App Notification']")

at com.microsoft.playwright.impl.Connection.dispatch(Connection.java:259)
at com.microsoft.playwright.impl.Connection.processOneMessage(Connection.java:211)
at com.microsoft.playwright.impl.ChannelOwner.runUntil(ChannelOwner.java:118)
... 39 more
]]>
    </error>
  </testcase> <!-- test_TC_PN_017_missingCategoryField -->
  <testcase classname="tests.PushNotificationTestImproved" name="test_TC_PN_019_missingCustomLinkField" time="34.789">
    <error message="Error {
  message=&#039;Error: strict mode violation: locator(&quot;//a/span[text()=&#039;Create App Notification&#039;]&quot;) resolved to 2 elements:
    1) &lt;span class=&quot;m-2&quot;&gt;Create App Notification&lt;/span&gt; aka getByRole(AriaRole.LINK, new Page.GetByRoleOptions().setName(&quot; Create App Notification&quot;))
    2) &lt;span class=&quot;m-2&quot;&gt;Create App Notification&lt;/span&gt; aka locator(&quot;a&quot;).filter(new Locator.FilterOptions().setHasText(&quot;Create App Notification&quot;)).nth(1)

  name=&#039;Error
  stack=&#039;Error: Error: strict mode violation: locator(&quot;//a/span[text()=&#039;Create App Notification&#039;]&quot;) resolved to 2 elements:
    1) &lt;span class=&quot;m-2&quot;&gt;Create App Notification&lt;/span&gt; aka getByRole(AriaRole.LINK, new Page.GetByRoleOptions().setName(&quot; Create App Notification&quot;))
    2) &lt;span class=&quot;m-2&quot;&gt;Create App Notification&lt;/span&gt; aka locator(&quot;a&quot;).filter(new Locator.FilterOptions().setHasText(&quot;Create App Notification&quot;)).nth(1)

    at CRExecutionContext.evaluateWithArguments (C:\Users\admin\AppData\Local\Temp\playwright-java-13948002081828408401\package\lib\server\chromium\crExecutionContext.js:92:33)
    at async LongStandingScope._race (C:\Users\admin\AppData\Local\Temp\playwright-java-13948002081828408401\package\lib\utils\manualPromise.js:96:14)
    at async evaluateExpression (C:\Users\admin\AppData\Local\Temp\playwright-java-13948002081828408401\package\lib\server\javascript.js:241:12)
    at async C:\Users\admin\AppData\Local\Temp\playwright-java-13948002081828408401\package\lib\server\frames.js:953:22
    at async Frame.retryWithProgressAndTimeouts (C:\Users\admin\AppData\Local\Temp\playwright-java-13948002081828408401\package\lib\server\frames.js:923:24)
    at async C:\Users\admin\AppData\Local\Temp\playwright-java-13948002081828408401\package\lib\server\frames.js:1008:29
    at async ProgressController.run (C:\Users\admin\AppData\Local\Temp\playwright-java-13948002081828408401\package\lib\server\progress.js:82:22)
    at async FrameDispatcher.click (C:\Users\admin\AppData\Local\Temp\playwright-java-13948002081828408401\package\lib\server\dispatchers\frameDispatcher.js:158:12)
    at async LongStandingScope._race (C:\Users\admin\AppData\Local\Temp\playwright-java-13948002081828408401\package\lib\utils\manualPromise.js:96:14)
    at async FrameDispatcher._handleCommand (C:\Users\admin\AppData\Local\Temp\playwright-java-13948002081828408401\package\lib\server\dispatchers\dispatcher.js:96:14)
}
Call log:
- waiting for locator(&quot;//a/span[text()=&#039;Create App Notification&#039;]&quot;)
" type="com.microsoft.playwright.PlaywrightException">
      <![CDATA[com.microsoft.playwright.PlaywrightException: Error {
  message='Error: strict mode violation: locator("//a/span[text()='Create App Notification']") resolved to 2 elements:
    1) <span class="m-2">Create App Notification</span> aka getByRole(AriaRole.LINK, new Page.GetByRoleOptions().setName(" Create App Notification"))
    2) <span class="m-2">Create App Notification</span> aka locator("a").filter(new Locator.FilterOptions().setHasText("Create App Notification")).nth(1)

  name='Error
  stack='Error: Error: strict mode violation: locator("//a/span[text()='Create App Notification']") resolved to 2 elements:
    1) <span class="m-2">Create App Notification</span> aka getByRole(AriaRole.LINK, new Page.GetByRoleOptions().setName(" Create App Notification"))
    2) <span class="m-2">Create App Notification</span> aka locator("a").filter(new Locator.FilterOptions().setHasText("Create App Notification")).nth(1)

    at CRExecutionContext.evaluateWithArguments (C:\Users\admin\AppData\Local\Temp\playwright-java-13948002081828408401\package\lib\server\chromium\crExecutionContext.js:92:33)
    at async LongStandingScope._race (C:\Users\admin\AppData\Local\Temp\playwright-java-13948002081828408401\package\lib\utils\manualPromise.js:96:14)
    at async evaluateExpression (C:\Users\admin\AppData\Local\Temp\playwright-java-13948002081828408401\package\lib\server\javascript.js:241:12)
    at async C:\Users\admin\AppData\Local\Temp\playwright-java-13948002081828408401\package\lib\server\frames.js:953:22
    at async Frame.retryWithProgressAndTimeouts (C:\Users\admin\AppData\Local\Temp\playwright-java-13948002081828408401\package\lib\server\frames.js:923:24)
    at async C:\Users\admin\AppData\Local\Temp\playwright-java-13948002081828408401\package\lib\server\frames.js:1008:29
    at async ProgressController.run (C:\Users\admin\AppData\Local\Temp\playwright-java-13948002081828408401\package\lib\server\progress.js:82:22)
    at async FrameDispatcher.click (C:\Users\admin\AppData\Local\Temp\playwright-java-13948002081828408401\package\lib\server\dispatchers\frameDispatcher.js:158:12)
    at async LongStandingScope._race (C:\Users\admin\AppData\Local\Temp\playwright-java-13948002081828408401\package\lib\utils\manualPromise.js:96:14)
    at async FrameDispatcher._handleCommand (C:\Users\admin\AppData\Local\Temp\playwright-java-13948002081828408401\package\lib\server\dispatchers\dispatcher.js:96:14)
}
Call log:
- waiting for locator("//a/span[text()='Create App Notification']")

at com.microsoft.playwright.impl.WaitableResult.get(WaitableResult.java:56)
at com.microsoft.playwright.impl.ChannelOwner.runUntil(ChannelOwner.java:120)
at com.microsoft.playwright.impl.Connection.sendMessage(Connection.java:130)
at com.microsoft.playwright.impl.ChannelOwner.sendMessage(ChannelOwner.java:106)
at com.microsoft.playwright.impl.FrameImpl.clickImpl(FrameImpl.java:252)
at com.microsoft.playwright.impl.FrameImpl.lambda$click$8(FrameImpl.java:243)
at com.microsoft.playwright.impl.LoggingSupport.lambda$withLogging$0(LoggingSupport.java:36)
at com.microsoft.playwright.impl.LoggingSupport.withLogging(LoggingSupport.java:47)
at com.microsoft.playwright.impl.ChannelOwner.withLogging(ChannelOwner.java:89)
at com.microsoft.playwright.impl.LoggingSupport.withLogging(LoggingSupport.java:35)
at com.microsoft.playwright.impl.FrameImpl.click(FrameImpl.java:243)
at com.microsoft.playwright.impl.LocatorImpl.click(LocatorImpl.java:160)
at com.microsoft.playwright.Locator.click(Locator.java:2468)
at pageObjects.PushNotificationPageImproved.openCreateNotification(PushNotificationPageImproved.java:120)
at tests.PushNotificationTestImproved.test_TC_PN_019_missingCustomLinkField(PushNotificationTestImproved.java:156)
at java.base/jdk.internal.reflect.DirectMethodHandleAccessor.invoke(DirectMethodHandleAccessor.java:103)
at java.base/java.lang.reflect.Method.invoke(Method.java:580)
at org.testng.internal.invokers.MethodInvocationHelper.invokeMethod(MethodInvocationHelper.java:139)
at org.testng.internal.invokers.TestInvoker.invokeMethod(TestInvoker.java:664)
at org.testng.internal.invokers.TestInvoker.invokeTestMethod(TestInvoker.java:228)
at org.testng.internal.invokers.MethodRunner.runInSequence(MethodRunner.java:63)
at org.testng.internal.invokers.TestInvoker$MethodInvocationAgent.invoke(TestInvoker.java:961)
at org.testng.internal.invokers.TestInvoker.invokeTestMethods(TestInvoker.java:201)
at org.testng.internal.invokers.TestMethodWorker.invokeTestMethods(TestMethodWorker.java:148)
at org.testng.internal.invokers.TestMethodWorker.run(TestMethodWorker.java:128)
at java.base/java.util.ArrayList.forEach(ArrayList.java:1597)
at org.testng.TestRunner.privateRun(TestRunner.java:819)
at org.testng.TestRunner.run(TestRunner.java:619)
at org.testng.SuiteRunner.runTest(SuiteRunner.java:443)
at org.testng.SuiteRunner.runSequentially(SuiteRunner.java:437)
at org.testng.SuiteRunner.privateRun(SuiteRunner.java:397)
at org.testng.SuiteRunner.run(SuiteRunner.java:336)
at org.testng.SuiteRunnerWorker.runSuite(SuiteRunnerWorker.java:52)
at org.testng.SuiteRunnerWorker.run(SuiteRunnerWorker.java:95)
at org.testng.TestNG.runSuitesSequentially(TestNG.java:1301)
at org.testng.TestNG.runSuitesLocally(TestNG.java:1228)
at org.testng.TestNG.runSuites(TestNG.java:1134)
at org.testng.TestNG.run(TestNG.java:1101)
at org.testng.remote.AbstractRemoteTestNG.run(AbstractRemoteTestNG.java:115)
at org.testng.remote.RemoteTestNG.initAndRun(RemoteTestNG.java:293)
at org.testng.remote.RemoteTestNG.main(RemoteTestNG.java:91)
Caused by: com.microsoft.playwright.impl.DriverException: Error {
  message='Error: strict mode violation: locator("//a/span[text()='Create App Notification']") resolved to 2 elements:
    1) <span class="m-2">Create App Notification</span> aka getByRole(AriaRole.LINK, new Page.GetByRoleOptions().setName(" Create App Notification"))
    2) <span class="m-2">Create App Notification</span> aka locator("a").filter(new Locator.FilterOptions().setHasText("Create App Notification")).nth(1)

  name='Error
  stack='Error: Error: strict mode violation: locator("//a/span[text()='Create App Notification']") resolved to 2 elements:
    1) <span class="m-2">Create App Notification</span> aka getByRole(AriaRole.LINK, new Page.GetByRoleOptions().setName(" Create App Notification"))
    2) <span class="m-2">Create App Notification</span> aka locator("a").filter(new Locator.FilterOptions().setHasText("Create App Notification")).nth(1)

    at CRExecutionContext.evaluateWithArguments (C:\Users\admin\AppData\Local\Temp\playwright-java-13948002081828408401\package\lib\server\chromium\crExecutionContext.js:92:33)
    at async LongStandingScope._race (C:\Users\admin\AppData\Local\Temp\playwright-java-13948002081828408401\package\lib\utils\manualPromise.js:96:14)
    at async evaluateExpression (C:\Users\admin\AppData\Local\Temp\playwright-java-13948002081828408401\package\lib\server\javascript.js:241:12)
    at async C:\Users\admin\AppData\Local\Temp\playwright-java-13948002081828408401\package\lib\server\frames.js:953:22
    at async Frame.retryWithProgressAndTimeouts (C:\Users\admin\AppData\Local\Temp\playwright-java-13948002081828408401\package\lib\server\frames.js:923:24)
    at async C:\Users\admin\AppData\Local\Temp\playwright-java-13948002081828408401\package\lib\server\frames.js:1008:29
    at async ProgressController.run (C:\Users\admin\AppData\Local\Temp\playwright-java-13948002081828408401\package\lib\server\progress.js:82:22)
    at async FrameDispatcher.click (C:\Users\admin\AppData\Local\Temp\playwright-java-13948002081828408401\package\lib\server\dispatchers\frameDispatcher.js:158:12)
    at async LongStandingScope._race (C:\Users\admin\AppData\Local\Temp\playwright-java-13948002081828408401\package\lib\utils\manualPromise.js:96:14)
    at async FrameDispatcher._handleCommand (C:\Users\admin\AppData\Local\Temp\playwright-java-13948002081828408401\package\lib\server\dispatchers\dispatcher.js:96:14)
}
Call log:
- waiting for locator("//a/span[text()='Create App Notification']")

at com.microsoft.playwright.impl.Connection.dispatch(Connection.java:259)
at com.microsoft.playwright.impl.Connection.processOneMessage(Connection.java:211)
at com.microsoft.playwright.impl.ChannelOwner.runUntil(ChannelOwner.java:118)
... 39 more
]]>
    </error>
  </testcase> <!-- test_TC_PN_019_missingCustomLinkField -->
  <testcase classname="tests.PushNotificationTestImproved" name="test_TC_PN_03_clickActionMenuButton" time="33.060">
    <error message="Error {
  message=&#039;Error: strict mode violation: locator(&quot;//a/span[text()=&#039;Create App Notification&#039;]&quot;) resolved to 2 elements:
    1) &lt;span class=&quot;m-2&quot;&gt;Create App Notification&lt;/span&gt; aka getByRole(AriaRole.LINK, new Page.GetByRoleOptions().setName(&quot; Create App Notification&quot;))
    2) &lt;span class=&quot;m-2&quot;&gt;Create App Notification&lt;/span&gt; aka locator(&quot;a&quot;).filter(new Locator.FilterOptions().setHasText(&quot;Create App Notification&quot;)).nth(1)

  name=&#039;Error
  stack=&#039;Error: Error: strict mode violation: locator(&quot;//a/span[text()=&#039;Create App Notification&#039;]&quot;) resolved to 2 elements:
    1) &lt;span class=&quot;m-2&quot;&gt;Create App Notification&lt;/span&gt; aka getByRole(AriaRole.LINK, new Page.GetByRoleOptions().setName(&quot; Create App Notification&quot;))
    2) &lt;span class=&quot;m-2&quot;&gt;Create App Notification&lt;/span&gt; aka locator(&quot;a&quot;).filter(new Locator.FilterOptions().setHasText(&quot;Create App Notification&quot;)).nth(1)

    at CRExecutionContext.evaluateWithArguments (C:\Users\admin\AppData\Local\Temp\playwright-java-13948002081828408401\package\lib\server\chromium\crExecutionContext.js:92:33)
    at async LongStandingScope._race (C:\Users\admin\AppData\Local\Temp\playwright-java-13948002081828408401\package\lib\utils\manualPromise.js:96:14)
    at async evaluateExpression (C:\Users\admin\AppData\Local\Temp\playwright-java-13948002081828408401\package\lib\server\javascript.js:241:12)
    at async C:\Users\admin\AppData\Local\Temp\playwright-java-13948002081828408401\package\lib\server\frames.js:953:22
    at async Frame.retryWithProgressAndTimeouts (C:\Users\admin\AppData\Local\Temp\playwright-java-13948002081828408401\package\lib\server\frames.js:923:24)
    at async C:\Users\admin\AppData\Local\Temp\playwright-java-13948002081828408401\package\lib\server\frames.js:1008:29
    at async ProgressController.run (C:\Users\admin\AppData\Local\Temp\playwright-java-13948002081828408401\package\lib\server\progress.js:82:22)
    at async FrameDispatcher.click (C:\Users\admin\AppData\Local\Temp\playwright-java-13948002081828408401\package\lib\server\dispatchers\frameDispatcher.js:158:12)
    at async LongStandingScope._race (C:\Users\admin\AppData\Local\Temp\playwright-java-13948002081828408401\package\lib\utils\manualPromise.js:96:14)
    at async FrameDispatcher._handleCommand (C:\Users\admin\AppData\Local\Temp\playwright-java-13948002081828408401\package\lib\server\dispatchers\dispatcher.js:96:14)
}
Call log:
- waiting for locator(&quot;//a/span[text()=&#039;Create App Notification&#039;]&quot;)
" type="com.microsoft.playwright.PlaywrightException">
      <![CDATA[com.microsoft.playwright.PlaywrightException: Error {
  message='Error: strict mode violation: locator("//a/span[text()='Create App Notification']") resolved to 2 elements:
    1) <span class="m-2">Create App Notification</span> aka getByRole(AriaRole.LINK, new Page.GetByRoleOptions().setName(" Create App Notification"))
    2) <span class="m-2">Create App Notification</span> aka locator("a").filter(new Locator.FilterOptions().setHasText("Create App Notification")).nth(1)

  name='Error
  stack='Error: Error: strict mode violation: locator("//a/span[text()='Create App Notification']") resolved to 2 elements:
    1) <span class="m-2">Create App Notification</span> aka getByRole(AriaRole.LINK, new Page.GetByRoleOptions().setName(" Create App Notification"))
    2) <span class="m-2">Create App Notification</span> aka locator("a").filter(new Locator.FilterOptions().setHasText("Create App Notification")).nth(1)

    at CRExecutionContext.evaluateWithArguments (C:\Users\admin\AppData\Local\Temp\playwright-java-13948002081828408401\package\lib\server\chromium\crExecutionContext.js:92:33)
    at async LongStandingScope._race (C:\Users\admin\AppData\Local\Temp\playwright-java-13948002081828408401\package\lib\utils\manualPromise.js:96:14)
    at async evaluateExpression (C:\Users\admin\AppData\Local\Temp\playwright-java-13948002081828408401\package\lib\server\javascript.js:241:12)
    at async C:\Users\admin\AppData\Local\Temp\playwright-java-13948002081828408401\package\lib\server\frames.js:953:22
    at async Frame.retryWithProgressAndTimeouts (C:\Users\admin\AppData\Local\Temp\playwright-java-13948002081828408401\package\lib\server\frames.js:923:24)
    at async C:\Users\admin\AppData\Local\Temp\playwright-java-13948002081828408401\package\lib\server\frames.js:1008:29
    at async ProgressController.run (C:\Users\admin\AppData\Local\Temp\playwright-java-13948002081828408401\package\lib\server\progress.js:82:22)
    at async FrameDispatcher.click (C:\Users\admin\AppData\Local\Temp\playwright-java-13948002081828408401\package\lib\server\dispatchers\frameDispatcher.js:158:12)
    at async LongStandingScope._race (C:\Users\admin\AppData\Local\Temp\playwright-java-13948002081828408401\package\lib\utils\manualPromise.js:96:14)
    at async FrameDispatcher._handleCommand (C:\Users\admin\AppData\Local\Temp\playwright-java-13948002081828408401\package\lib\server\dispatchers\dispatcher.js:96:14)
}
Call log:
- waiting for locator("//a/span[text()='Create App Notification']")

at com.microsoft.playwright.impl.WaitableResult.get(WaitableResult.java:56)
at com.microsoft.playwright.impl.ChannelOwner.runUntil(ChannelOwner.java:120)
at com.microsoft.playwright.impl.Connection.sendMessage(Connection.java:130)
at com.microsoft.playwright.impl.ChannelOwner.sendMessage(ChannelOwner.java:106)
at com.microsoft.playwright.impl.FrameImpl.clickImpl(FrameImpl.java:252)
at com.microsoft.playwright.impl.FrameImpl.lambda$click$8(FrameImpl.java:243)
at com.microsoft.playwright.impl.LoggingSupport.lambda$withLogging$0(LoggingSupport.java:36)
at com.microsoft.playwright.impl.LoggingSupport.withLogging(LoggingSupport.java:47)
at com.microsoft.playwright.impl.ChannelOwner.withLogging(ChannelOwner.java:89)
at com.microsoft.playwright.impl.LoggingSupport.withLogging(LoggingSupport.java:35)
at com.microsoft.playwright.impl.FrameImpl.click(FrameImpl.java:243)
at com.microsoft.playwright.impl.LocatorImpl.click(LocatorImpl.java:160)
at com.microsoft.playwright.Locator.click(Locator.java:2468)
at pageObjects.PushNotificationPageImproved.openCreateNotification(PushNotificationPageImproved.java:120)
at tests.PushNotificationTestImproved.test_TC_PN_03_clickActionMenuButton(PushNotificationTestImproved.java:187)
at java.base/jdk.internal.reflect.DirectMethodHandleAccessor.invoke(DirectMethodHandleAccessor.java:103)
at java.base/java.lang.reflect.Method.invoke(Method.java:580)
at org.testng.internal.invokers.MethodInvocationHelper.invokeMethod(MethodInvocationHelper.java:139)
at org.testng.internal.invokers.TestInvoker.invokeMethod(TestInvoker.java:664)
at org.testng.internal.invokers.TestInvoker.invokeTestMethod(TestInvoker.java:228)
at org.testng.internal.invokers.MethodRunner.runInSequence(MethodRunner.java:63)
at org.testng.internal.invokers.TestInvoker$MethodInvocationAgent.invoke(TestInvoker.java:961)
at org.testng.internal.invokers.TestInvoker.invokeTestMethods(TestInvoker.java:201)
at org.testng.internal.invokers.TestMethodWorker.invokeTestMethods(TestMethodWorker.java:148)
at org.testng.internal.invokers.TestMethodWorker.run(TestMethodWorker.java:128)
at java.base/java.util.ArrayList.forEach(ArrayList.java:1597)
at org.testng.TestRunner.privateRun(TestRunner.java:819)
at org.testng.TestRunner.run(TestRunner.java:619)
at org.testng.SuiteRunner.runTest(SuiteRunner.java:443)
at org.testng.SuiteRunner.runSequentially(SuiteRunner.java:437)
at org.testng.SuiteRunner.privateRun(SuiteRunner.java:397)
at org.testng.SuiteRunner.run(SuiteRunner.java:336)
at org.testng.SuiteRunnerWorker.runSuite(SuiteRunnerWorker.java:52)
at org.testng.SuiteRunnerWorker.run(SuiteRunnerWorker.java:95)
at org.testng.TestNG.runSuitesSequentially(TestNG.java:1301)
at org.testng.TestNG.runSuitesLocally(TestNG.java:1228)
at org.testng.TestNG.runSuites(TestNG.java:1134)
at org.testng.TestNG.run(TestNG.java:1101)
at org.testng.remote.AbstractRemoteTestNG.run(AbstractRemoteTestNG.java:115)
at org.testng.remote.RemoteTestNG.initAndRun(RemoteTestNG.java:293)
at org.testng.remote.RemoteTestNG.main(RemoteTestNG.java:91)
Caused by: com.microsoft.playwright.impl.DriverException: Error {
  message='Error: strict mode violation: locator("//a/span[text()='Create App Notification']") resolved to 2 elements:
    1) <span class="m-2">Create App Notification</span> aka getByRole(AriaRole.LINK, new Page.GetByRoleOptions().setName(" Create App Notification"))
    2) <span class="m-2">Create App Notification</span> aka locator("a").filter(new Locator.FilterOptions().setHasText("Create App Notification")).nth(1)

  name='Error
  stack='Error: Error: strict mode violation: locator("//a/span[text()='Create App Notification']") resolved to 2 elements:
    1) <span class="m-2">Create App Notification</span> aka getByRole(AriaRole.LINK, new Page.GetByRoleOptions().setName(" Create App Notification"))
    2) <span class="m-2">Create App Notification</span> aka locator("a").filter(new Locator.FilterOptions().setHasText("Create App Notification")).nth(1)

    at CRExecutionContext.evaluateWithArguments (C:\Users\admin\AppData\Local\Temp\playwright-java-13948002081828408401\package\lib\server\chromium\crExecutionContext.js:92:33)
    at async LongStandingScope._race (C:\Users\admin\AppData\Local\Temp\playwright-java-13948002081828408401\package\lib\utils\manualPromise.js:96:14)
    at async evaluateExpression (C:\Users\admin\AppData\Local\Temp\playwright-java-13948002081828408401\package\lib\server\javascript.js:241:12)
    at async C:\Users\admin\AppData\Local\Temp\playwright-java-13948002081828408401\package\lib\server\frames.js:953:22
    at async Frame.retryWithProgressAndTimeouts (C:\Users\admin\AppData\Local\Temp\playwright-java-13948002081828408401\package\lib\server\frames.js:923:24)
    at async C:\Users\admin\AppData\Local\Temp\playwright-java-13948002081828408401\package\lib\server\frames.js:1008:29
    at async ProgressController.run (C:\Users\admin\AppData\Local\Temp\playwright-java-13948002081828408401\package\lib\server\progress.js:82:22)
    at async FrameDispatcher.click (C:\Users\admin\AppData\Local\Temp\playwright-java-13948002081828408401\package\lib\server\dispatchers\frameDispatcher.js:158:12)
    at async LongStandingScope._race (C:\Users\admin\AppData\Local\Temp\playwright-java-13948002081828408401\package\lib\utils\manualPromise.js:96:14)
    at async FrameDispatcher._handleCommand (C:\Users\admin\AppData\Local\Temp\playwright-java-13948002081828408401\package\lib\server\dispatchers\dispatcher.js:96:14)
}
Call log:
- waiting for locator("//a/span[text()='Create App Notification']")

at com.microsoft.playwright.impl.Connection.dispatch(Connection.java:259)
at com.microsoft.playwright.impl.Connection.processOneMessage(Connection.java:211)
at com.microsoft.playwright.impl.ChannelOwner.runUntil(ChannelOwner.java:118)
... 39 more
]]>
    </error>
  </testcase> <!-- test_TC_PN_03_clickActionMenuButton -->
  <testcase classname="tests.PushNotificationTestImproved" name="test_TC_PN_06_notificationChannelSelection" time="19.512">
    <error message="Error {
  message=&#039;Error: strict mode violation: locator(&quot;//a/span[text()=&#039;Create App Notification&#039;]&quot;) resolved to 2 elements:
    1) &lt;span class=&quot;m-2&quot;&gt;Create App Notification&lt;/span&gt; aka locator(&quot;a&quot;).filter(new Locator.FilterOptions().setHasText(&quot;Create App Notification&quot;)).first()
    2) &lt;span class=&quot;m-2&quot;&gt;Create App Notification&lt;/span&gt; aka locator(&quot;a&quot;).filter(new Locator.FilterOptions().setHasText(&quot;Create App Notification&quot;)).nth(1)

  name=&#039;Error
  stack=&#039;Error: Error: strict mode violation: locator(&quot;//a/span[text()=&#039;Create App Notification&#039;]&quot;) resolved to 2 elements:
    1) &lt;span class=&quot;m-2&quot;&gt;Create App Notification&lt;/span&gt; aka locator(&quot;a&quot;).filter(new Locator.FilterOptions().setHasText(&quot;Create App Notification&quot;)).first()
    2) &lt;span class=&quot;m-2&quot;&gt;Create App Notification&lt;/span&gt; aka locator(&quot;a&quot;).filter(new Locator.FilterOptions().setHasText(&quot;Create App Notification&quot;)).nth(1)

    at CRExecutionContext.evaluateWithArguments (C:\Users\admin\AppData\Local\Temp\playwright-java-13948002081828408401\package\lib\server\chromium\crExecutionContext.js:92:33)
    at async LongStandingScope._race (C:\Users\admin\AppData\Local\Temp\playwright-java-13948002081828408401\package\lib\utils\manualPromise.js:96:14)
    at async evaluateExpression (C:\Users\admin\AppData\Local\Temp\playwright-java-13948002081828408401\package\lib\server\javascript.js:241:12)
    at async C:\Users\admin\AppData\Local\Temp\playwright-java-13948002081828408401\package\lib\server\frames.js:953:22
    at async Frame.retryWithProgressAndTimeouts (C:\Users\admin\AppData\Local\Temp\playwright-java-13948002081828408401\package\lib\server\frames.js:923:24)
    at async C:\Users\admin\AppData\Local\Temp\playwright-java-13948002081828408401\package\lib\server\frames.js:1008:29
    at async ProgressController.run (C:\Users\admin\AppData\Local\Temp\playwright-java-13948002081828408401\package\lib\server\progress.js:82:22)
    at async FrameDispatcher.click (C:\Users\admin\AppData\Local\Temp\playwright-java-13948002081828408401\package\lib\server\dispatchers\frameDispatcher.js:158:12)
    at async LongStandingScope._race (C:\Users\admin\AppData\Local\Temp\playwright-java-13948002081828408401\package\lib\utils\manualPromise.js:96:14)
    at async FrameDispatcher._handleCommand (C:\Users\admin\AppData\Local\Temp\playwright-java-13948002081828408401\package\lib\server\dispatchers\dispatcher.js:96:14)
}
Call log:
- waiting for locator(&quot;//a/span[text()=&#039;Create App Notification&#039;]&quot;)
" type="com.microsoft.playwright.PlaywrightException">
      <![CDATA[com.microsoft.playwright.PlaywrightException: Error {
  message='Error: strict mode violation: locator("//a/span[text()='Create App Notification']") resolved to 2 elements:
    1) <span class="m-2">Create App Notification</span> aka locator("a").filter(new Locator.FilterOptions().setHasText("Create App Notification")).first()
    2) <span class="m-2">Create App Notification</span> aka locator("a").filter(new Locator.FilterOptions().setHasText("Create App Notification")).nth(1)

  name='Error
  stack='Error: Error: strict mode violation: locator("//a/span[text()='Create App Notification']") resolved to 2 elements:
    1) <span class="m-2">Create App Notification</span> aka locator("a").filter(new Locator.FilterOptions().setHasText("Create App Notification")).first()
    2) <span class="m-2">Create App Notification</span> aka locator("a").filter(new Locator.FilterOptions().setHasText("Create App Notification")).nth(1)

    at CRExecutionContext.evaluateWithArguments (C:\Users\admin\AppData\Local\Temp\playwright-java-13948002081828408401\package\lib\server\chromium\crExecutionContext.js:92:33)
    at async LongStandingScope._race (C:\Users\admin\AppData\Local\Temp\playwright-java-13948002081828408401\package\lib\utils\manualPromise.js:96:14)
    at async evaluateExpression (C:\Users\admin\AppData\Local\Temp\playwright-java-13948002081828408401\package\lib\server\javascript.js:241:12)
    at async C:\Users\admin\AppData\Local\Temp\playwright-java-13948002081828408401\package\lib\server\frames.js:953:22
    at async Frame.retryWithProgressAndTimeouts (C:\Users\admin\AppData\Local\Temp\playwright-java-13948002081828408401\package\lib\server\frames.js:923:24)
    at async C:\Users\admin\AppData\Local\Temp\playwright-java-13948002081828408401\package\lib\server\frames.js:1008:29
    at async ProgressController.run (C:\Users\admin\AppData\Local\Temp\playwright-java-13948002081828408401\package\lib\server\progress.js:82:22)
    at async FrameDispatcher.click (C:\Users\admin\AppData\Local\Temp\playwright-java-13948002081828408401\package\lib\server\dispatchers\frameDispatcher.js:158:12)
    at async LongStandingScope._race (C:\Users\admin\AppData\Local\Temp\playwright-java-13948002081828408401\package\lib\utils\manualPromise.js:96:14)
    at async FrameDispatcher._handleCommand (C:\Users\admin\AppData\Local\Temp\playwright-java-13948002081828408401\package\lib\server\dispatchers\dispatcher.js:96:14)
}
Call log:
- waiting for locator("//a/span[text()='Create App Notification']")

at com.microsoft.playwright.impl.WaitableResult.get(WaitableResult.java:56)
at com.microsoft.playwright.impl.ChannelOwner.runUntil(ChannelOwner.java:120)
at com.microsoft.playwright.impl.Connection.sendMessage(Connection.java:130)
at com.microsoft.playwright.impl.ChannelOwner.sendMessage(ChannelOwner.java:106)
at com.microsoft.playwright.impl.FrameImpl.clickImpl(FrameImpl.java:252)
at com.microsoft.playwright.impl.FrameImpl.lambda$click$8(FrameImpl.java:243)
at com.microsoft.playwright.impl.LoggingSupport.lambda$withLogging$0(LoggingSupport.java:36)
at com.microsoft.playwright.impl.LoggingSupport.withLogging(LoggingSupport.java:47)
at com.microsoft.playwright.impl.ChannelOwner.withLogging(ChannelOwner.java:89)
at com.microsoft.playwright.impl.LoggingSupport.withLogging(LoggingSupport.java:35)
at com.microsoft.playwright.impl.FrameImpl.click(FrameImpl.java:243)
at com.microsoft.playwright.impl.LocatorImpl.click(LocatorImpl.java:160)
at com.microsoft.playwright.Locator.click(Locator.java:2468)
at pageObjects.PushNotificationPageImproved.openCreateNotification(PushNotificationPageImproved.java:120)
at tests.PushNotificationTestImproved.test_TC_PN_06_notificationChannelSelection(PushNotificationTestImproved.java:204)
at java.base/jdk.internal.reflect.DirectMethodHandleAccessor.invoke(DirectMethodHandleAccessor.java:103)
at java.base/java.lang.reflect.Method.invoke(Method.java:580)
at org.testng.internal.invokers.MethodInvocationHelper.invokeMethod(MethodInvocationHelper.java:139)
at org.testng.internal.invokers.TestInvoker.invokeMethod(TestInvoker.java:664)
at org.testng.internal.invokers.TestInvoker.invokeTestMethod(TestInvoker.java:228)
at org.testng.internal.invokers.MethodRunner.runInSequence(MethodRunner.java:63)
at org.testng.internal.invokers.TestInvoker$MethodInvocationAgent.invoke(TestInvoker.java:961)
at org.testng.internal.invokers.TestInvoker.invokeTestMethods(TestInvoker.java:201)
at org.testng.internal.invokers.TestMethodWorker.invokeTestMethods(TestMethodWorker.java:148)
at org.testng.internal.invokers.TestMethodWorker.run(TestMethodWorker.java:128)
at java.base/java.util.ArrayList.forEach(ArrayList.java:1597)
at org.testng.TestRunner.privateRun(TestRunner.java:819)
at org.testng.TestRunner.run(TestRunner.java:619)
at org.testng.SuiteRunner.runTest(SuiteRunner.java:443)
at org.testng.SuiteRunner.runSequentially(SuiteRunner.java:437)
at org.testng.SuiteRunner.privateRun(SuiteRunner.java:397)
at org.testng.SuiteRunner.run(SuiteRunner.java:336)
at org.testng.SuiteRunnerWorker.runSuite(SuiteRunnerWorker.java:52)
at org.testng.SuiteRunnerWorker.run(SuiteRunnerWorker.java:95)
at org.testng.TestNG.runSuitesSequentially(TestNG.java:1301)
at org.testng.TestNG.runSuitesLocally(TestNG.java:1228)
at org.testng.TestNG.runSuites(TestNG.java:1134)
at org.testng.TestNG.run(TestNG.java:1101)
at org.testng.remote.AbstractRemoteTestNG.run(AbstractRemoteTestNG.java:115)
at org.testng.remote.RemoteTestNG.initAndRun(RemoteTestNG.java:293)
at org.testng.remote.RemoteTestNG.main(RemoteTestNG.java:91)
Caused by: com.microsoft.playwright.impl.DriverException: Error {
  message='Error: strict mode violation: locator("//a/span[text()='Create App Notification']") resolved to 2 elements:
    1) <span class="m-2">Create App Notification</span> aka locator("a").filter(new Locator.FilterOptions().setHasText("Create App Notification")).first()
    2) <span class="m-2">Create App Notification</span> aka locator("a").filter(new Locator.FilterOptions().setHasText("Create App Notification")).nth(1)

  name='Error
  stack='Error: Error: strict mode violation: locator("//a/span[text()='Create App Notification']") resolved to 2 elements:
    1) <span class="m-2">Create App Notification</span> aka locator("a").filter(new Locator.FilterOptions().setHasText("Create App Notification")).first()
    2) <span class="m-2">Create App Notification</span> aka locator("a").filter(new Locator.FilterOptions().setHasText("Create App Notification")).nth(1)

    at CRExecutionContext.evaluateWithArguments (C:\Users\admin\AppData\Local\Temp\playwright-java-13948002081828408401\package\lib\server\chromium\crExecutionContext.js:92:33)
    at async LongStandingScope._race (C:\Users\admin\AppData\Local\Temp\playwright-java-13948002081828408401\package\lib\utils\manualPromise.js:96:14)
    at async evaluateExpression (C:\Users\admin\AppData\Local\Temp\playwright-java-13948002081828408401\package\lib\server\javascript.js:241:12)
    at async C:\Users\admin\AppData\Local\Temp\playwright-java-13948002081828408401\package\lib\server\frames.js:953:22
    at async Frame.retryWithProgressAndTimeouts (C:\Users\admin\AppData\Local\Temp\playwright-java-13948002081828408401\package\lib\server\frames.js:923:24)
    at async C:\Users\admin\AppData\Local\Temp\playwright-java-13948002081828408401\package\lib\server\frames.js:1008:29
    at async ProgressController.run (C:\Users\admin\AppData\Local\Temp\playwright-java-13948002081828408401\package\lib\server\progress.js:82:22)
    at async FrameDispatcher.click (C:\Users\admin\AppData\Local\Temp\playwright-java-13948002081828408401\package\lib\server\dispatchers\frameDispatcher.js:158:12)
    at async LongStandingScope._race (C:\Users\admin\AppData\Local\Temp\playwright-java-13948002081828408401\package\lib\utils\manualPromise.js:96:14)
    at async FrameDispatcher._handleCommand (C:\Users\admin\AppData\Local\Temp\playwright-java-13948002081828408401\package\lib\server\dispatchers\dispatcher.js:96:14)
}
Call log:
- waiting for locator("//a/span[text()='Create App Notification']")

at com.microsoft.playwright.impl.Connection.dispatch(Connection.java:259)
at com.microsoft.playwright.impl.Connection.processOneMessage(Connection.java:211)
at com.microsoft.playwright.impl.ChannelOwner.runUntil(ChannelOwner.java:118)
... 39 more
]]>
    </error>
  </testcase> <!-- test_TC_PN_06_notificationChannelSelection -->
  <testcase classname="tests.PushNotificationTestImproved" name="test_TC_PN_013_sendToOptionsSelection" time="24.884">
    <error message="Error {
  message=&#039;Error: strict mode violation: locator(&quot;//a/span[text()=&#039;Create App Notification&#039;]&quot;) resolved to 2 elements:
[...]
}
Call log:
- waiting for locator(&quot;//a/span[text()=&#039;Create App Notification&#039;]&quot;)
" type="com.microsoft.playwright.PlaywrightException">
      <![CDATA[com.microsoft.playwright.PlaywrightException: Error {
  message='Error: strict mode violation: locator("//a/span[text()='Create App Notification']") resolved to 2 elements:
    1) <span class="m-2">Create App Notification</span> aka locator("a").filter(new Locator.FilterOptions().setHasText("Create App Notification")).first()
    2) <span class="m-2">Create App Notification</span> aka locator("a").filter(new Locator.FilterOptions().setHasText("Create App Notification")).nth(1)

  name='Error
  stack='Error: Error: strict mode violation: locator("//a/span[text()='Create App Notification']") resolved to 2 elements:
    1) <span class="m-2">Create App Notification</span> aka locator("a").filter(new Locator.FilterOptions().setHasText("Create App Notification")).first()
    2) <span class="m-2">Create App Notification</span> aka locator("a").filter(new Locator.FilterOptions().setHasText("Create App Notification")).nth(1)

    at CRExecutionContext.evaluateWithArguments (C:\Users\admin\AppData\Local\Temp\playwright-java-13948002081828408401\package\lib\server\chromium\crExecutionContext.js:92:33)
    at async LongStandingScope._race (C:\Users\admin\AppData\Local\Temp\playwright-java-13948002081828408401\package\lib\utils\manualPromise.js:96:14)
    at async evaluateExpression (C:\Users\admin\AppData\Local\Temp\playwright-java-13948002081828408401\package\lib\server\javascript.js:241:12)
    at async C:\Users\admin\AppData\Local\Temp\playwright-java-13948002081828408401\package\lib\server\frames.js:953:22
    at async Frame.retryWithProgressAndTimeouts (C:\Users\admin\AppData\Local\Temp\playwright-java-13948002081828408401\package\lib\server\frames.js:923:24)
    at async C:\Users\admin\AppData\Local\Temp\playwright-java-13948002081828408401\package\lib\server\frames.js:1008:29
    at async ProgressController.run (C:\Users\admin\AppData\Local\Temp\playwright-java-13948002081828408401\package\lib\server\progress.js:82:22)
    at async FrameDispatcher.click (C:\Users\admin\AppData\Local\Temp\playwright-java-13948002081828408401\package\lib\server\dispatchers\frameDispatcher.js:158:12)
    at async LongStandingScope._race (C:\Users\admin\AppData\Local\Temp\playwright-java-13948002081828408401\package\lib\utils\manualPromise.js:96:14)
    at async FrameDispatcher._handleCommand (C:\Users\admin\AppData\Local\Temp\playwright-java-13948002081828408401\package\lib\server\dispatchers\dispatcher.js:96:14)
}
Call log:
- waiting for locator("//a/span[text()='Create App Notification']")

at com.microsoft.playwright.impl.WaitableResult.get(WaitableResult.java:56)
at com.microsoft.playwright.impl.ChannelOwner.runUntil(ChannelOwner.java:120)
at com.microsoft.playwright.impl.Connection.sendMessage(Connection.java:130)
at com.microsoft.playwright.impl.ChannelOwner.sendMessage(ChannelOwner.java:106)
at com.microsoft.playwright.impl.FrameImpl.clickImpl(FrameImpl.java:252)
at com.microsoft.playwright.impl.FrameImpl.lambda$click$8(FrameImpl.java:243)
at com.microsoft.playwright.impl.LoggingSupport.lambda$withLogging$0(LoggingSupport.java:36)
at com.microsoft.playwright.impl.LoggingSupport.withLogging(LoggingSupport.java:47)
at com.microsoft.playwright.impl.ChannelOwner.withLogging(ChannelOwner.java:89)
at com.microsoft.playwright.impl.LoggingSupport.withLogging(LoggingSupport.java:35)
at com.microsoft.playwright.impl.FrameImpl.click(FrameImpl.java:243)
at com.microsoft.playwright.impl.LocatorImpl.click(LocatorImpl.java:160)
at com.microsoft.playwright.Locator.click(Locator.java:2468)
at pageObjects.PushNotificationPageImproved.openCreateNotification(PushNotificationPageImproved.java:120)
at tests.PushNotificationTestImproved.test_TC_PN_036_pushNotificationWithCsvUpload(PushNotificationTestImproved.java:365)
at java.base/jdk.internal.reflect.DirectMethodHandleAccessor.invoke(DirectMethodHandleAccessor.java:103)
at java.base/java.lang.reflect.Method.invoke(Method.java:580)
at org.testng.internal.invokers.MethodInvocationHelper.invokeMethod(MethodInvocationHelper.java:139)
at org.testng.internal.invokers.TestInvoker.invokeMethod(TestInvoker.java:664)
at org.testng.internal.invokers.TestInvoker.invokeTestMethod(TestInvoker.java:228)
at org.testng.internal.invokers.MethodRunner.runInSequence(MethodRunner.java:63)
at org.testng.internal.invokers.TestInvoker$MethodInvocationAgent.invoke(TestInvoker.java:961)
at org.testng.internal.invokers.TestInvoker.invokeTestMethods(TestInvoker.java:201)
at org.testng.internal.invokers.TestMethodWorker.invokeTestMethods(TestMethodWorker.java:148)
at org.testng.internal.invokers.TestMethodWorker.run(TestMethodWorker.java:128)
at java.base/java.util.ArrayList.forEach(ArrayList.java:1597)
at org.testng.TestRunner.privateRun(TestRunner.java:819)
at org.testng.TestRunner.run(TestRunner.java:619)
at org.testng.SuiteRunner.runTest(SuiteRunner.java:443)
at org.testng.SuiteRunner.runSequentially(SuiteRunner.java:437)
at org.testng.SuiteRunner.privateRun(SuiteRunner.java:397)
at org.testng.SuiteRunner.run(SuiteRunner.java:336)
at org.testng.SuiteRunnerWorker.runSuite(SuiteRunnerWorker.java:52)
at org.testng.SuiteRunnerWorker.run(SuiteRunnerWorker.java:95)
at org.testng.TestNG.runSuitesSequentially(TestNG.java:1301)
at org.testng.TestNG.runSuitesLocally(TestNG.java:1228)
at org.testng.TestNG.runSuites(TestNG.java:1134)
at org.testng.TestNG.run(TestNG.java:1101)
at org.testng.remote.AbstractRemoteTestNG.run(AbstractRemoteTestNG.java:115)
at org.testng.remote.RemoteTestNG.initAndRun(RemoteTestNG.java:293)
at org.testng.remote.RemoteTestNG.main(RemoteTestNG.java:91)
Caused by: com.microsoft.playwright.impl.DriverException: Error {
  message='Error: strict mode violation: locator("//a/span[text()='Create App Notification']") resolved to 2 elements:
    1) <span class="m-2">Create App Notification</span> aka locator("a").filter(new Locator.FilterOptions().setHasText("Create App Notification")).first()
    2) <span class="m-2">Create App Notification</span> aka locator("a").filter(new Locator.FilterOptions().setHasText("Create App Notification")).nth(1)

  name='Error
  stack='Error: Error: strict mode violation: locator("//a/span[text()='Create App Notification']") resolved to 2 elements:
    1) <span class="m-2">Create App Notification</span> aka locator("a").filter(new Locator.FilterOptions().setHasText("Create App Notification")).first()
    2) <span class="m-2">Create App Notification</span> aka locator("a").filter(new Locator.FilterOptions().setHasText("Create App Notification")).nth(1)

    at CRExecutionContext.evaluateWithArguments (C:\Users\admin\AppData\Local\Temp\playwright-java-13948002081828408401\package\lib\server\chromium\crExecutionContext.js:92:33)
    at async LongStandingScope._race (C:\Users\admin\AppData\Local\Temp\playwright-java-13948002081828408401\package\lib\utils\manualPromise.js:96:14)
    at async evaluateExpression (C:\Users\admin\AppData\Local\Temp\playwright-java-13948002081828408401\package\lib\server\javascript.js:241:12)
    at async C:\Users\admin\AppData\Local\Temp\playwright-java-13948002081828408401\package\lib\server\frames.js:953:22
    at async Frame.retryWithProgressAndTimeouts (C:\Users\admin\AppData\Local\Temp\playwright-java-13948002081828408401\package\lib\server\frames.js:923:24)
    at async C:\Users\admin\AppData\Local\Temp\playwright-java-13948002081828408401\package\lib\server\frames.js:1008:29
    at async ProgressController.run (C:\Users\admin\AppData\Local\Temp\playwright-java-13948002081828408401\package\lib\server\progress.js:82:22)
    at async FrameDispatcher.click (C:\Users\admin\AppData\Local\Temp\playwright-java-13948002081828408401\package\lib\server\dispatchers\frameDispatcher.js:158:12)
    at async LongStandingScope._race (C:\Users\admin\AppData\Local\Temp\playwright-java-13948002081828408401\package\lib\utils\manualPromise.js:96:14)
    at async FrameDispatcher._handleCommand (C:\Users\admin\AppData\Local\Temp\playwright-java-13948002081828408401\package\lib\server\dispatchers\dispatcher.js:96:14)
}
Call log:
- waiting for locator("//a/span[text()='Create App Notification']")

at com.microsoft.playwright.impl.Connection.dispatch(Connection.java:259)
at com.microsoft.playwright.impl.Connection.processOneMessage(Connection.java:211)
at com.microsoft.playwright.impl.ChannelOwner.runUntil(ChannelOwner.java:118)
... 39 more
]]>
    </error>
  </testcase> <!-- test_TC_PN_036_pushNotificationWithCsvUpload -->
  <testcase classname="tests.PushNotificationTestImproved" name="test_TC_PN_050_pushNotificationWithoutCsvUpload" time="35.248">
    <error message="Error {
  message=&#039;Error: strict mode violation: locator(&quot;//a/span[text()=&#039;Create App Notification&#039;]&quot;) resolved to 2 elements:
    1) &lt;span class=&quot;m-2&quot;&gt;Create App Notification&lt;/span&gt; aka locator(&quot;a&quot;).filter(new Locator.FilterOptions().setHasText(&quot;Create App Notification&quot;)).first()
    2) &lt;span class=&quot;m-2&quot;&gt;Create App Notification&lt;/span&gt; aka locator(&quot;a&quot;).filter(new Locator.FilterOptions().setHasText(&quot;Create App Notification&quot;)).nth(1)

  name=&#039;Error
  stack=&#039;Error: Error: strict mode violation: locator(&quot;//a/span[text()=&#039;Create App Notification&#039;]&quot;) resolved to 2 elements:
    1) &lt;span class=&quot;m-2&quot;&gt;Create App Notification&lt;/span&gt; aka locator(&quot;a&quot;).filter(new Locator.FilterOptions().setHasText(&quot;Create App Notification&quot;)).first()
    2) &lt;span class=&quot;m-2&quot;&gt;Create App Notification&lt;/span&gt; aka locator(&quot;a&quot;).filter(new Locator.FilterOptions().setHasText(&quot;Create App Notification&quot;)).nth(1)

    at CRExecutionContext.evaluateWithArguments (C:\Users\admin\AppData\Local\Temp\playwright-java-13948002081828408401\package\lib\server\chromium\crExecutionContext.js:92:33)
    at async LongStandingScope._race (C:\Users\admin\AppData\Local\Temp\playwright-java-13948002081828408401\package\lib\utils\manualPromise.js:96:14)
    at async evaluateExpression (C:\Users\admin\AppData\Local\Temp\playwright-java-13948002081828408401\package\lib\server\javascript.js:241:12)
    at async C:\Users\admin\AppData\Local\Temp\playwright-java-13948002081828408401\package\lib\server\frames.js:953:22
    at async Frame.retryWithProgressAndTimeouts (C:\Users\admin\AppData\Local\Temp\playwright-java-13948002081828408401\package\lib\server\frames.js:923:24)
    at async C:\Users\admin\AppData\Local\Temp\playwright-java-13948002081828408401\package\lib\server\frames.js:1008:29
    at async ProgressController.run (C:\Users\admin\AppData\Local\Temp\playwright-java-13948002081828408401\package\lib\server\progress.js:82:22)
    at async FrameDispatcher.click (C:\Users\admin\AppData\Local\Temp\playwright-java-13948002081828408401\package\lib\server\dispatchers\frameDispatcher.js:158:12)
    at async LongStandingScope._race (C:\Users\admin\AppData\Local\Temp\playwright-java-13948002081828408401\package\lib\utils\manualPromise.js:96:14)
    at async FrameDispatcher._handleCommand (C:\Users\admin\AppData\Local\Temp\playwright-java-13948002081828408401\package\lib\server\dispatchers\dispatcher.js:96:14)
}
Call log:
- waiting for locator(&quot;//a/span[text()=&#039;Create App Notification&#039;]&quot;)
" type="com.microsoft.playwright.PlaywrightException">
      <![CDATA[com.microsoft.playwright.PlaywrightException: Error {
  message='Error: strict mode violation: locator("//a/span[text()='Create App Notification']") resolved to 2 elements:
    1) <span class="m-2">Create App Notification</span> aka locator("a").filter(new Locator.FilterOptions().setHasText("Create App Notification")).first()
    2) <span class="m-2">Create App Notification</span> aka locator("a").filter(new Locator.FilterOptions().setHasText("Create App Notification")).nth(1)

  name='Error
  stack='Error: Error: strict mode violation: locator("//a/span[text()='Create App Notification']") resolved to 2 elements:
    1) <span class="m-2">Create App Notification</span> aka locator("a").filter(new Locator.FilterOptions().setHasText("Create App Notification")).first()
    2) <span class="m-2">Create App Notification</span> aka locator("a").filter(new Locator.FilterOptions().setHasText("Create App Notification")).nth(1)

    at CRExecutionContext.evaluateWithArguments (C:\Users\admin\AppData\Local\Temp\playwright-java-13948002081828408401\package\lib\server\chromium\crExecutionContext.js:92:33)
    at async LongStandingScope._race (C:\Users\admin\AppData\Local\Temp\playwright-java-13948002081828408401\package\lib\utils\manualPromise.js:96:14)
    at async evaluateExpression (C:\Users\admin\AppData\Local\Temp\playwright-java-13948002081828408401\package\lib\server\javascript.js:241:12)
    at async C:\Users\admin\AppData\Local\Temp\playwright-java-13948002081828408401\package\lib\server\frames.js:953:22
    at async Frame.retryWithProgressAndTimeouts (C:\Users\admin\AppData\Local\Temp\playwright-java-13948002081828408401\package\lib\server\frames.js:923:24)
    at async C:\Users\admin\AppData\Local\Temp\playwright-java-13948002081828408401\package\lib\server\frames.js:1008:29
    at async ProgressController.run (C:\Users\admin\AppData\Local\Temp\playwright-java-13948002081828408401\package\lib\server\progress.js:82:22)
    at async FrameDispatcher.click (C:\Users\admin\AppData\Local\Temp\playwright-java-13948002081828408401\package\lib\server\dispatchers\frameDispatcher.js:158:12)
    at async LongStandingScope._race (C:\Users\admin\AppData\Local\Temp\playwright-java-13948002081828408401\package\lib\utils\manualPromise.js:96:14)
    at async FrameDispatcher._handleCommand (C:\Users\admin\AppData\Local\Temp\playwright-java-13948002081828408401\package\lib\server\dispatchers\dispatcher.js:96:14)
}
Call log:
- waiting for locator("//a/span[text()='Create App Notification']")

at com.microsoft.playwright.impl.WaitableResult.get(WaitableResult.java:56)
at com.microsoft.playwright.impl.ChannelOwner.runUntil(ChannelOwner.java:120)
at com.microsoft.playwright.impl.Connection.sendMessage(Connection.java:130)
at com.microsoft.playwright.impl.ChannelOwner.sendMessage(ChannelOwner.java:106)
at com.microsoft.playwright.impl.FrameImpl.clickImpl(FrameImpl.java:252)
at com.microsoft.playwright.impl.FrameImpl.lambda$click$8(FrameImpl.java:243)
at com.microsoft.playwright.impl.LoggingSupport.lambda$withLogging$0(LoggingSupport.java:36)
at com.microsoft.playwright.impl.LoggingSupport.withLogging(LoggingSupport.java:47)
at com.microsoft.playwright.impl.ChannelOwner.withLogging(ChannelOwner.java:89)
at com.microsoft.playwright.impl.LoggingSupport.withLogging(LoggingSupport.java:35)
at com.microsoft.playwright.impl.FrameImpl.click(FrameImpl.java:243)
at com.microsoft.playwright.impl.LocatorImpl.click(LocatorImpl.java:160)
at com.microsoft.playwright.Locator.click(Locator.java:2468)
at pageObjects.PushNotificationPageImproved.openCreateNotification(PushNotificationPageImproved.java:120)
at tests.PushNotificationTestImproved.test_TC_PN_050_pushNotificationWithoutCsvUpload(PushNotificationTestImproved.java:380)
at java.base/jdk.internal.reflect.DirectMethodHandleAccessor.invoke(DirectMethodHandleAccessor.java:103)
at java.base/java.lang.reflect.Method.invoke(Method.java:580)
at org.testng.internal.invokers.MethodInvocationHelper.invokeMethod(MethodInvocationHelper.java:139)
at org.testng.internal.invokers.TestInvoker.invokeMethod(TestInvoker.java:664)
at org.testng.internal.invokers.TestInvoker.invokeTestMethod(TestInvoker.java:228)
at org.testng.internal.invokers.MethodRunner.runInSequence(MethodRunner.java:63)
at org.testng.internal.invokers.TestInvoker$MethodInvocationAgent.invoke(TestInvoker.java:961)
at org.testng.internal.invokers.TestInvoker.invokeTestMethods(TestInvoker.java:201)
at org.testng.internal.invokers.TestMethodWorker.invokeTestMethods(TestMethodWorker.java:148)
at org.testng.internal.invokers.TestMethodWorker.run(TestMethodWorker.java:128)
at java.base/java.util.ArrayList.forEach(ArrayList.java:1597)
at org.testng.TestRunner.privateRun(TestRunner.java:819)
at org.testng.TestRunner.run(TestRunner.java:619)
at org.testng.SuiteRunner.runTest(SuiteRunner.java:443)
at org.testng.SuiteRunner.runSequentially(SuiteRunner.java:437)
at org.testng.SuiteRunner.privateRun(SuiteRunner.java:397)
at org.testng.SuiteRunner.run(SuiteRunner.java:336)
at org.testng.SuiteRunnerWorker.runSuite(SuiteRunnerWorker.java:52)
at org.testng.SuiteRunnerWorker.run(SuiteRunnerWorker.java:95)
at org.testng.TestNG.runSuitesSequentially(TestNG.java:1301)
at org.testng.TestNG.runSuitesLocally(TestNG.java:1228)
at org.testng.TestNG.runSuites(TestNG.java:1134)
at org.testng.TestNG.run(TestNG.java:1101)
at org.testng.remote.AbstractRemoteTestNG.run(AbstractRemoteTestNG.java:115)
at org.testng.remote.RemoteTestNG.initAndRun(RemoteTestNG.java:293)
at org.testng.remote.RemoteTestNG.main(RemoteTestNG.java:91)
Caused by: com.microsoft.playwright.impl.DriverException: Error {
  message='Error: strict mode violation: locator("//a/span[text()='Create App Notification']") resolved to 2 elements:
    1) <span class="m-2">Create App Notification</span> aka locator("a").filter(new Locator.FilterOptions().setHasText("Create App Notification")).first()
    2) <span class="m-2">Create App Notification</span> aka locator("a").filter(new Locator.FilterOptions().setHasText("Create App Notification")).nth(1)

  name='Error
  stack='Error: Error: strict mode violation: locator("//a/span[text()='Create App Notification']") resolved to 2 elements:
    1) <span class="m-2">Create App Notification</span> aka locator("a").filter(new Locator.FilterOptions().setHasText("Create App Notification")).first()
    2) <span class="m-2">Create App Notification</span> aka locator("a").filter(new Locator.FilterOptions().setHasText("Create App Notification")).nth(1)

    at CRExecutionContext.evaluateWithArguments (C:\Users\admin\AppData\Local\Temp\playwright-java-13948002081828408401\package\lib\server\chromium\crExecutionContext.js:92:33)
    at async LongStandingScope._race (C:\Users\admin\AppData\Local\Temp\playwright-java-13948002081828408401\package\lib\utils\manualPromise.js:96:14)
    at async evaluateExpression (C:\Users\admin\AppData\Local\Temp\playwright-java-13948002081828408401\package\lib\server\javascript.js:241:12)
    at async C:\Users\admin\AppData\Local\Temp\playwright-java-13948002081828408401\package\lib\server\frames.js:953:22
    at async Frame.retryWithProgressAndTimeouts (C:\Users\admin\AppData\Local\Temp\playwright-java-13948002081828408401\package\lib\server\frames.js:923:24)
    at async C:\Users\admin\AppData\Local\Temp\playwright-java-13948002081828408401\package\lib\server\frames.js:1008:29
    at async ProgressController.run (C:\Users\admin\AppData\Local\Temp\playwright-java-13948002081828408401\package\lib\server\progress.js:82:22)
    at async FrameDispatcher.click (C:\Users\admin\AppData\Local\Temp\playwright-java-13948002081828408401\package\lib\server\dispatchers\frameDispatcher.js:158:12)
    at async LongStandingScope._race (C:\Users\admin\AppData\Local\Temp\playwright-java-13948002081828408401\package\lib\utils\manualPromise.js:96:14)
    at async FrameDispatcher._handleCommand (C:\Users\admin\AppData\Local\Temp\playwright-java-13948002081828408401\package\lib\server\dispatchers\dispatcher.js:96:14)
}
Call log:
- waiting for locator("//a/span[text()='Create App Notification']")

at com.microsoft.playwright.impl.Connection.dispatch(Connection.java:259)
at com.microsoft.playwright.impl.Connection.processOneMessage(Connection.java:211)
at com.microsoft.playwright.impl.ChannelOwner.runUntil(ChannelOwner.java:118)
... 39 more
]]>
    </error>
  </testcase> <!-- test_TC_PN_050_pushNotificationWithoutCsvUpload -->
</testsuite> <!-- tests.PushNotificationTestImproved -->
