<?xml version="1.0" encoding="UTF-8"?>
<!-- Generated by org.testng.reporters.JUnitReportReporter -->
<testsuite hostname="RraghavVohra09" failures="0" tests="3" name="tests.ImageCreationPlaywrightTest" time="336.419" errors="1" timestamp="2026-04-26T21:07:12 IST" skipped="2">
  <testcase classname="tests.ImageCreationPlaywrightTest" name="TC_IC_01_imageCreationThroughAssetLibrary" time="114.369">
    <error message="Error {
  message=&#039;Timeout 60000ms exceeded.
  name=&#039;TimeoutError
  stack=&#039;TimeoutError: Timeout 60000ms exceeded.
    at ProgressController.run (C:\Users\admin\AppData\Local\Temp\playwright-java-4013487674022283618\package\lib\server\progress.js:78:26)
    at Frame._callOnElementOnceMatches (C:\Users\admin\AppData\Local\Temp\playwright-java-4013487674022283618\package\lib\server\frames.js:1429:23)
    at Frame.dispatchEvent (C:\Users\admin\AppData\Local\Temp\playwright-java-4013487674022283618\package\lib\server\frames.js:696:16)
    at FrameDispatcher.dispatchEvent (C:\Users\admin\AppData\Local\Temp\playwright-java-4013487674022283618\package\lib\server\dispatchers\frameDispatcher.js:110:24)
    at FrameDispatcher._handleCommand (C:\Users\admin\AppData\Local\Temp\playwright-java-4013487674022283618\package\lib\server\dispatchers\dispatcher.js:94:40)
    at DispatcherConnection.dispatch (C:\Users\admin\AppData\Local\Temp\playwright-java-4013487674022283618\package\lib\server\dispatchers\dispatcher.js:361:39)
}
Call log:
- waiting for locator(&quot;//input[@type=&#039;file&#039; and @accept=&#039;image/*&#039;]&quot;)
" type="com.microsoft.playwright.TimeoutError">
      <![CDATA[com.microsoft.playwright.TimeoutError: Error {
  message='Timeout 60000ms exceeded.
  name='TimeoutError
  stack='TimeoutError: Timeout 60000ms exceeded.
    at ProgressController.run (C:\Users\admin\AppData\Local\Temp\playwright-java-4013487674022283618\package\lib\server\progress.js:78:26)
    at Frame._callOnElementOnceMatches (C:\Users\admin\AppData\Local\Temp\playwright-java-4013487674022283618\package\lib\server\frames.js:1429:23)
    at Frame.dispatchEvent (C:\Users\admin\AppData\Local\Temp\playwright-java-4013487674022283618\package\lib\server\frames.js:696:16)
    at FrameDispatcher.dispatchEvent (C:\Users\admin\AppData\Local\Temp\playwright-java-4013487674022283618\package\lib\server\dispatchers\frameDispatcher.js:110:24)
    at FrameDispatcher._handleCommand (C:\Users\admin\AppData\Local\Temp\playwright-java-4013487674022283618\package\lib\server\dispatchers\dispatcher.js:94:40)
    at DispatcherConnection.dispatch (C:\Users\admin\AppData\Local\Temp\playwright-java-4013487674022283618\package\lib\server\dispatchers\dispatcher.js:361:39)
}
Call log:
- waiting for locator("//input[@type='file' and @accept='image/*']")

at com.microsoft.playwright.impl.WaitableResult.get(WaitableResult.java:52)
at com.microsoft.playwright.impl.ChannelOwner.runUntil(ChannelOwner.java:120)
at com.microsoft.playwright.impl.Connection.sendMessage(Connection.java:130)
at com.microsoft.playwright.impl.ChannelOwner.sendMessage(ChannelOwner.java:106)
at com.microsoft.playwright.impl.FrameImpl.dispatchEventImpl(FrameImpl.java:291)
at com.microsoft.playwright.impl.FrameImpl.lambda$dispatchEvent$11(FrameImpl.java:280)
at com.microsoft.playwright.impl.LoggingSupport.lambda$withLogging$0(LoggingSupport.java:36)
at com.microsoft.playwright.impl.LoggingSupport.withLogging(LoggingSupport.java:47)
at com.microsoft.playwright.impl.ChannelOwner.withLogging(ChannelOwner.java:89)
at com.microsoft.playwright.impl.LoggingSupport.withLogging(LoggingSupport.java:35)
at com.microsoft.playwright.impl.FrameImpl.dispatchEvent(FrameImpl.java:280)
at com.microsoft.playwright.impl.LocatorImpl.dispatchEvent(LocatorImpl.java:181)
at com.microsoft.playwright.Locator.dispatchEvent(Locator.java:2624)
at com.microsoft.playwright.Locator.dispatchEvent(Locator.java:2672)
at pageObjects.ImageCreationPagePW.uploadImage(ImageCreationPagePW.java:339)
at tests.ImageCreationPlaywrightTest.TC_IC_01_imageCreationThroughAssetLibrary(ImageCreationPlaywrightTest.java:97)
at java.base/jdk.internal.reflect.DirectMethodHandleAccessor.invoke(DirectMethodHandleAccessor.java:103)
at java.base/java.lang.reflect.Method.invoke(Method.java:580)
at org.testng.internal.invokers.MethodInvocationHelper.invokeMethod(MethodInvocationHelper.java:139)
at org.testng.internal.invokers.TestInvoker.invokeMethod(TestInvoker.java:664)
at org.testng.internal.invokers.TestInvoker.retryFailed(TestInvoker.java:249)
at org.testng.internal.invokers.MethodRunner.runInSequence(MethodRunner.java:76)
at org.testng.internal.invokers.TestInvoker$MethodInvocationAgent.invoke(TestInvoker.java:961)
at org.testng.internal.invokers.TestInvoker.invokeTestMethods(TestInvoker.java:201)
at org.testng.internal.invokers.TestMethodWorker.invokeTestMethods(TestMethodWorker.java:148)
at org.testng.internal.invokers.TestMethodWorker.run(TestMethodWorker.java:128)
at java.base/java.util.concurrent.Executors$RunnableAdapter.call(Executors.java:572)
at java.base/java.util.concurrent.FutureTask.run(FutureTask.java:317)
at org.testng.internal.thread.graph.TestNGFutureTask.run(TestNGFutureTask.java:22)
at java.base/java.util.concurrent.ThreadPoolExecutor.runWorker(ThreadPoolExecutor.java:1144)
at java.base/java.util.concurrent.ThreadPoolExecutor$Worker.run(ThreadPoolExecutor.java:642)
at java.base/java.lang.Thread.run(Thread.java:1575)
Caused by: com.microsoft.playwright.TimeoutError: Error {
  message='Timeout 60000ms exceeded.
  name='TimeoutError
  stack='TimeoutError: Timeout 60000ms exceeded.
    at ProgressController.run (C:\Users\admin\AppData\Local\Temp\playwright-java-4013487674022283618\package\lib\server\progress.js:78:26)
    at Frame._callOnElementOnceMatches (C:\Users\admin\AppData\Local\Temp\playwright-java-4013487674022283618\package\lib\server\frames.js:1429:23)
    at Frame.dispatchEvent (C:\Users\admin\AppData\Local\Temp\playwright-java-4013487674022283618\package\lib\server\frames.js:696:16)
    at FrameDispatcher.dispatchEvent (C:\Users\admin\AppData\Local\Temp\playwright-java-4013487674022283618\package\lib\server\dispatchers\frameDispatcher.js:110:24)
    at FrameDispatcher._handleCommand (C:\Users\admin\AppData\Local\Temp\playwright-java-4013487674022283618\package\lib\server\dispatchers\dispatcher.js:94:40)
    at DispatcherConnection.dispatch (C:\Users\admin\AppData\Local\Temp\playwright-java-4013487674022283618\package\lib\server\dispatchers\dispatcher.js:361:39)
}
Call log:
- waiting for locator("//input[@type='file' and @accept='image/*']")

at com.microsoft.playwright.impl.Connection.dispatch(Connection.java:254)
at com.microsoft.playwright.impl.Connection.processOneMessage(Connection.java:211)
at com.microsoft.playwright.impl.ChannelOwner.runUntil(ChannelOwner.java:118)
... 30 more
]]>
    </error>
  </testcase> <!-- TC_IC_01_imageCreationThroughAssetLibrary -->
  <testcase classname="tests.ImageCreationPlaywrightTest" name="TC_IC_01_imageCreationThroughAssetLibrary" time="108.744">
    <skipped/>
  </testcase> <!-- TC_IC_01_imageCreationThroughAssetLibrary -->
  <testcase classname="tests.ImageCreationPlaywrightTest" name="TC_IC_01_imageCreationThroughAssetLibrary" time="113.306">
    <skipped/>
  </testcase> <!-- TC_IC_01_imageCreationThroughAssetLibrary -->
</testsuite> <!-- tests.ImageCreationPlaywrightTest -->
